[0604/110750.659:INFO:CONSOLE(1)] "Long rAF frame-time", source: file:///C:/Program%20Files/Adobe/Adobe%20Photoshop%202020/Required/www-rich-tooltips/build/external.js (1)
[0604/134531.750:WARNING:dns_config_service_win.cc(668)] Failed to read DnsConfig.
[0604/134536.762:WARNING:dns_config_service_win.cc(668)] Failed to read DnsConfig.
[0604/134541.785:WARNING:dns_config_service_win.cc(668)] Failed to read DnsConfig.
[0604/134546.840:WARNING:dns_config_service_win.cc(668)] Failed to read DnsConfig.
[0604/134551.895:WARNING:dns_config_service_win.cc(668)] Failed to read DnsConfig.
[0604/134556.927:WARNING:dns_config_service_win.cc(668)] Failed to read DnsConfig.
[0604/134602.122:WARNING:dns_config_service_win.cc(668)] Failed to read DnsConfig.
[0604/134607.156:WARNING:dns_config_service_win.cc(668)] Failed to read DnsConfig.
[0604/134612.165:WARNING:dns_config_service_win.cc(668)] Failed to read DnsConfig.
[0604/134617.248:WARNING:dns_config_service_win.cc(668)] Failed to read DnsConfig.
[0604/134622.270:WARNING:dns_config_service_win.cc(668)] Failed to read DnsConfig.
[0604/134906.592:INFO:CONSOLE(1)] "Long rAF frame-time", source: file:///C:/Program%20Files/Adobe/Adobe%20Photoshop%202020/Required/www-rich-tooltips/build/external.js (1)
[0604/134907.355:WARNING:angle_platform_impl.cc(52)] compileToBinary(230): 
C:\fakepath(69,8-58): warning X3571: pow(f, e) will not work for negative f, use abs(f) or conditionally handle negative values if you expect them
C:\fakepath(77,9-43): warning X3571: pow(f, e) will not work for negative f, use abs(f) or conditionally handle negative values if you expect them

[0604/135710.009:WARNING:dns_config_service_win.cc(668)] Failed to read DnsConfig.
[0604/135715.034:WARNING:dns_config_service_win.cc(668)] Failed to read DnsConfig.
[0604/135720.057:WARNING:dns_config_service_win.cc(668)] Failed to read DnsConfig.
[0604/135725.077:WARNING:dns_config_service_win.cc(668)] Failed to read DnsConfig.
[0604/135730.110:WARNING:dns_config_service_win.cc(668)] Failed to read DnsConfig.
[0604/135735.143:WARNING:dns_config_service_win.cc(668)] Failed to read DnsConfig.
[0604/135740.160:WARNING:dns_config_service_win.cc(668)] Failed to read DnsConfig.
[0604/135745.180:WARNING:dns_config_service_win.cc(668)] Failed to read DnsConfig.
[0604/135750.211:WARNING:dns_config_service_win.cc(668)] Failed to read DnsConfig.
[0604/135755.240:WARNING:dns_config_service_win.cc(668)] Failed to read DnsConfig.
[0604/135800.284:WARNING:dns_config_service_win.cc(668)] Failed to read DnsConfig.
[0604/135805.734:WARNING:dns_config_service_win.cc(668)] Failed to read DnsConfig.
[0604/135810.793:WARNING:dns_config_service_win.cc(668)] Failed to read DnsConfig.
[0604/135815.811:WARNING:dns_config_service_win.cc(668)] Failed to read DnsConfig.
[0604/135820.872:WARNING:dns_config_service_win.cc(668)] Failed to read DnsConfig.
[0604/144953.253:WARNING:dns_config_service_win.cc(668)] Failed to read DnsConfig.
[0604/144958.274:WARNING:dns_config_service_win.cc(668)] Failed to read DnsConfig.
[0604/145003.303:WARNING:dns_config_service_win.cc(668)] Failed to read DnsConfig.
[0604/145008.366:WARNING:dns_config_service_win.cc(668)] Failed to read DnsConfig.
[0604/145013.379:WARNING:dns_config_service_win.cc(668)] Failed to read DnsConfig.
[0604/145018.404:WARNING:dns_config_service_win.cc(668)] Failed to read DnsConfig.
[0604/145023.428:WARNING:dns_config_service_win.cc(668)] Failed to read DnsConfig.
[0604/145028.457:WARNING:dns_config_service_win.cc(668)] Failed to read DnsConfig.
[0604/145033.482:WARNING:dns_config_service_win.cc(668)] Failed to read DnsConfig.
[0604/145038.506:WARNING:dns_config_service_win.cc(668)] Failed to read DnsConfig.
[0604/145043.585:WARNING:dns_config_service_win.cc(668)] Failed to read DnsConfig.
[0604/145048.596:WARNING:dns_config_service_win.cc(668)] Failed to read DnsConfig.
[0604/145053.607:WARNING:dns_config_service_win.cc(668)] Failed to read DnsConfig.
[0604/145058.636:WARNING:dns_config_service_win.cc(668)] Failed to read DnsConfig.
[0604/145103.659:WARNING:dns_config_service_win.cc(668)] Failed to read DnsConfig.
[0604/145108.674:WARNING:dns_config_service_win.cc(668)] Failed to read DnsConfig.
[0604/145113.689:WARNING:dns_config_service_win.cc(668)] Failed to read DnsConfig.
[0604/145118.712:WARNING:dns_config_service_win.cc(668)] Failed to read DnsConfig.
[0604/145123.734:WARNING:dns_config_service_win.cc(668)] Failed to read DnsConfig.
[0604/145128.756:WARNING:dns_config_service_win.cc(668)] Failed to read DnsConfig.
[0604/145133.771:WARNING:dns_config_service_win.cc(668)] Failed to read DnsConfig.
[0604/145138.785:WARNING:dns_config_service_win.cc(668)] Failed to read DnsConfig.
[0604/145143.802:WARNING:dns_config_service_win.cc(668)] Failed to read DnsConfig.
[0604/145148.825:WARNING:dns_config_service_win.cc(668)] Failed to read DnsConfig.
[0604/145153.848:WARNING:dns_config_service_win.cc(668)] Failed to read DnsConfig.
[0604/145159.016:WARNING:dns_config_service_win.cc(668)] Failed to read DnsConfig.
[0604/145204.037:WARNING:dns_config_service_win.cc(668)] Failed to read DnsConfig.
[0604/145209.093:WARNING:dns_config_service_win.cc(668)] Failed to read DnsConfig.
[0604/145214.125:WARNING:dns_config_service_win.cc(668)] Failed to read DnsConfig.
[0604/145219.185:WARNING:dns_config_service_win.cc(668)] Failed to read DnsConfig.
[0604/145224.271:WARNING:dns_config_service_win.cc(668)] Failed to read DnsConfig.
[0604/145229.297:WARNING:dns_config_service_win.cc(668)] Failed to read DnsConfig.
[0604/145234.315:WARNING:dns_config_service_win.cc(668)] Failed to read DnsConfig.
[0604/145239.345:WARNING:dns_config_service_win.cc(668)] Failed to read DnsConfig.
[0604/145244.385:WARNING:dns_config_service_win.cc(668)] Failed to read DnsConfig.
[0604/145249.416:WARNING:dns_config_service_win.cc(668)] Failed to read DnsConfig.
[0604/145254.439:WARNING:dns_config_service_win.cc(668)] Failed to read DnsConfig.
[0604/145259.461:WARNING:dns_config_service_win.cc(668)] Failed to read DnsConfig.
[0604/145304.483:WARNING:dns_config_service_win.cc(668)] Failed to read DnsConfig.
[0604/145309.500:WARNING:dns_config_service_win.cc(668)] Failed to read DnsConfig.
[0604/145314.518:WARNING:dns_config_service_win.cc(668)] Failed to read DnsConfig.
[0604/145319.532:WARNING:dns_config_service_win.cc(668)] Failed to read DnsConfig.
[0604/145324.549:WARNING:dns_config_service_win.cc(668)] Failed to read DnsConfig.
[0604/145329.570:WARNING:dns_config_service_win.cc(668)] Failed to read DnsConfig.
[0604/145334.593:WARNING:dns_config_service_win.cc(668)] Failed to read DnsConfig.
[0604/145339.694:WARNING:dns_config_service_win.cc(668)] Failed to read DnsConfig.
[0604/145344.721:WARNING:dns_config_service_win.cc(668)] Failed to read DnsConfig.
[0604/145349.738:WARNING:dns_config_service_win.cc(668)] Failed to read DnsConfig.
[0604/145354.761:WARNING:dns_config_service_win.cc(668)] Failed to read DnsConfig.
[0604/145359.781:WARNING:dns_config_service_win.cc(668)] Failed to read DnsConfig.
[0604/145404.918:WARNING:dns_config_service_win.cc(668)] Failed to read DnsConfig.
[0604/145409.971:WARNING:dns_config_service_win.cc(668)] Failed to read DnsConfig.
[0604/145415.029:WARNING:dns_config_service_win.cc(668)] Failed to read DnsConfig.
[0604/145420.055:WARNING:dns_config_service_win.cc(668)] Failed to read DnsConfig.
[0604/160055.604:WARNING:dns_config_service_win.cc(668)] Failed to read DnsConfig.
[0604/160100.676:WARNING:dns_config_service_win.cc(668)] Failed to read DnsConfig.
[0604/160105.701:WARNING:dns_config_service_win.cc(668)] Failed to read DnsConfig.
[0604/160110.716:WARNING:dns_config_service_win.cc(668)] Failed to read DnsConfig.
[0604/160115.734:WARNING:dns_config_service_win.cc(668)] Failed to read DnsConfig.
[0604/160120.748:WARNING:dns_config_service_win.cc(668)] Failed to read DnsConfig.
[0604/160125.772:WARNING:dns_config_service_win.cc(668)] Failed to read DnsConfig.
[0604/160130.789:WARNING:dns_config_service_win.cc(668)] Failed to read DnsConfig.
[0604/160135.805:WARNING:dns_config_service_win.cc(668)] Failed to read DnsConfig.
[0604/160140.829:WARNING:dns_config_service_win.cc(668)] Failed to read DnsConfig.
[0604/160145.852:WARNING:dns_config_service_win.cc(668)] Failed to read DnsConfig.
[0604/160150.860:WARNING:dns_config_service_win.cc(668)] Failed to read DnsConfig.
[0604/160155.876:WARNING:dns_config_service_win.cc(668)] Failed to read DnsConfig.
[0604/160200.888:WARNING:dns_config_service_win.cc(668)] Failed to read DnsConfig.
[0604/160205.912:WARNING:dns_config_service_win.cc(668)] Failed to read DnsConfig.
[0604/160210.930:WARNING:dns_config_service_win.cc(668)] Failed to read DnsConfig.
[0604/160215.949:WARNING:dns_config_service_win.cc(668)] Failed to read DnsConfig.
[0604/160220.968:WARNING:dns_config_service_win.cc(668)] Failed to read DnsConfig.
[0604/160225.990:WARNING:dns_config_service_win.cc(668)] Failed to read DnsConfig.
[0604/160231.012:WARNING:dns_config_service_win.cc(668)] Failed to read DnsConfig.
[0604/160236.029:WARNING:dns_config_service_win.cc(668)] Failed to read DnsConfig.
[0604/160241.049:WARNING:dns_config_service_win.cc(668)] Failed to read DnsConfig.
[0604/160246.065:WARNING:dns_config_service_win.cc(668)] Failed to read DnsConfig.
[0604/160251.085:WARNING:dns_config_service_win.cc(668)] Failed to read DnsConfig.
[0604/160256.108:WARNING:dns_config_service_win.cc(668)] Failed to read DnsConfig.
[0604/160301.138:WARNING:dns_config_service_win.cc(668)] Failed to read DnsConfig.
[0604/160306.156:WARNING:dns_config_service_win.cc(668)] Failed to read DnsConfig.
[0604/160311.173:WARNING:dns_config_service_win.cc(668)] Failed to read DnsConfig.
[0604/160316.186:WARNING:dns_config_service_win.cc(668)] Failed to read DnsConfig.
[0604/160321.212:WARNING:dns_config_service_win.cc(668)] Failed to read DnsConfig.
[0604/160326.222:WARNING:dns_config_service_win.cc(668)] Failed to read DnsConfig.
[0604/160331.295:WARNING:dns_config_service_win.cc(668)] Failed to read DnsConfig.
[0604/160336.319:WARNING:dns_config_service_win.cc(668)] Failed to read DnsConfig.
[0604/160341.340:WARNING:dns_config_service_win.cc(668)] Failed to read DnsConfig.
[0604/160346.373:WARNING:dns_config_service_win.cc(668)] Failed to read DnsConfig.
[0604/160351.396:WARNING:dns_config_service_win.cc(668)] Failed to read DnsConfig.
[0604/160356.420:WARNING:dns_config_service_win.cc(668)] Failed to read DnsConfig.
[0604/160401.441:WARNING:dns_config_service_win.cc(668)] Failed to read DnsConfig.
[0604/160406.458:WARNING:dns_config_service_win.cc(668)] Failed to read DnsConfig.
[0604/160411.475:WARNING:dns_config_service_win.cc(668)] Failed to read DnsConfig.
[0604/160416.515:WARNING:dns_config_service_win.cc(668)] Failed to read DnsConfig.
[0604/160421.527:WARNING:dns_config_service_win.cc(668)] Failed to read DnsConfig.
[0604/160426.549:WARNING:dns_config_service_win.cc(668)] Failed to read DnsConfig.
[0604/160431.563:WARNING:dns_config_service_win.cc(668)] Failed to read DnsConfig.
[0604/160436.581:WARNING:dns_config_service_win.cc(668)] Failed to read DnsConfig.
[0604/160441.601:WARNING:dns_config_service_win.cc(668)] Failed to read DnsConfig.
[0604/160446.614:WARNING:dns_config_service_win.cc(668)] Failed to read DnsConfig.
[0604/160451.631:WARNING:dns_config_service_win.cc(668)] Failed to read DnsConfig.
[0604/160456.648:WARNING:dns_config_service_win.cc(668)] Failed to read DnsConfig.
[0604/160501.666:WARNING:dns_config_service_win.cc(668)] Failed to read DnsConfig.
[0604/160506.690:WARNING:dns_config_service_win.cc(668)] Failed to read DnsConfig.
[0604/160511.707:WARNING:dns_config_service_win.cc(668)] Failed to read DnsConfig.
[0604/160516.720:WARNING:dns_config_service_win.cc(668)] Failed to read DnsConfig.
[0604/160521.732:WARNING:dns_config_service_win.cc(668)] Failed to read DnsConfig.
[0604/160526.743:WARNING:dns_config_service_win.cc(668)] Failed to read DnsConfig.
[0604/160531.758:WARNING:dns_config_service_win.cc(668)] Failed to read DnsConfig.
[0604/160536.780:WARNING:dns_config_service_win.cc(668)] Failed to read DnsConfig.
[0604/160541.806:WARNING:dns_config_service_win.cc(668)] Failed to read DnsConfig.
[0604/160546.821:WARNING:dns_config_service_win.cc(668)] Failed to read DnsConfig.
[0604/160551.836:WARNING:dns_config_service_win.cc(668)] Failed to read DnsConfig.
[0604/160556.859:WARNING:dns_config_service_win.cc(668)] Failed to read DnsConfig.
[0604/160601.877:WARNING:dns_config_service_win.cc(668)] Failed to read DnsConfig.
[0604/160606.896:WARNING:dns_config_service_win.cc(668)] Failed to read DnsConfig.
[0604/160611.911:WARNING:dns_config_service_win.cc(668)] Failed to read DnsConfig.
[0604/160616.932:WARNING:dns_config_service_win.cc(668)] Failed to read DnsConfig.
[0604/160621.950:WARNING:dns_config_service_win.cc(668)] Failed to read DnsConfig.
[0604/160626.970:WARNING:dns_config_service_win.cc(668)] Failed to read DnsConfig.
[0604/160631.991:WARNING:dns_config_service_win.cc(668)] Failed to read DnsConfig.
[0604/160637.016:WARNING:dns_config_service_win.cc(668)] Failed to read DnsConfig.
[0604/160642.028:WARNING:dns_config_service_win.cc(668)] Failed to read DnsConfig.
[0604/160647.042:WARNING:dns_config_service_win.cc(668)] Failed to read DnsConfig.
[0604/160652.052:WARNING:dns_config_service_win.cc(668)] Failed to read DnsConfig.
[0604/160657.075:WARNING:dns_config_service_win.cc(668)] Failed to read DnsConfig.
[0604/160702.090:WARNING:dns_config_service_win.cc(668)] Failed to read DnsConfig.
[0604/160707.109:WARNING:dns_config_service_win.cc(668)] Failed to read DnsConfig.
[0604/160712.236:WARNING:dns_config_service_win.cc(668)] Failed to read DnsConfig.
[0604/160717.377:WARNING:dns_config_service_win.cc(668)] Failed to read DnsConfig.
[0604/160722.395:WARNING:dns_config_service_win.cc(668)] Failed to read DnsConfig.
[0604/160727.537:WARNING:dns_config_service_win.cc(668)] Failed to read DnsConfig.
[0604/160732.561:WARNING:dns_config_service_win.cc(668)] Failed to read DnsConfig.
[0604/160737.586:WARNING:dns_config_service_win.cc(668)] Failed to read DnsConfig.
[0604/160742.613:WARNING:dns_config_service_win.cc(668)] Failed to read DnsConfig.
[0604/160747.633:WARNING:dns_config_service_win.cc(668)] Failed to read DnsConfig.
[0604/160752.643:WARNING:dns_config_service_win.cc(668)] Failed to read DnsConfig.
[0604/160757.743:WARNING:dns_config_service_win.cc(668)] Failed to read DnsConfig.
[0604/160802.765:WARNING:dns_config_service_win.cc(668)] Failed to read DnsConfig.
[0604/160807.803:WARNING:dns_config_service_win.cc(668)] Failed to read DnsConfig.
[0604/160812.837:WARNING:dns_config_service_win.cc(668)] Failed to read DnsConfig.
[0604/160817.897:WARNING:dns_config_service_win.cc(668)] Failed to read DnsConfig.
[0604/160822.950:WARNING:dns_config_service_win.cc(668)] Failed to read DnsConfig.
[0604/160827.968:WARNING:dns_config_service_win.cc(668)] Failed to read DnsConfig.
[0604/160832.995:WARNING:dns_config_service_win.cc(668)] Failed to read DnsConfig.
[0604/160838.070:WARNING:dns_config_service_win.cc(668)] Failed to read DnsConfig.
[0604/160843.172:WARNING:dns_config_service_win.cc(668)] Failed to read DnsConfig.
[0604/160848.200:WARNING:dns_config_service_win.cc(668)] Failed to read DnsConfig.
[0604/160853.223:WARNING:dns_config_service_win.cc(668)] Failed to read DnsConfig.
[0604/160858.239:WARNING:dns_config_service_win.cc(668)] Failed to read DnsConfig.
[0604/160903.256:WARNING:dns_config_service_win.cc(668)] Failed to read DnsConfig.
[0604/160908.381:WARNING:dns_config_service_win.cc(668)] Failed to read DnsConfig.
[0604/160913.405:WARNING:dns_config_service_win.cc(668)] Failed to read DnsConfig.
[0604/160918.561:WARNING:dns_config_service_win.cc(668)] Failed to read DnsConfig.
[0604/160923.804:WARNING:dns_config_service_win.cc(668)] Failed to read DnsConfig.
[0604/160928.839:WARNING:dns_config_service_win.cc(668)] Failed to read DnsConfig.
[0604/160933.864:WARNING:dns_config_service_win.cc(668)] Failed to read DnsConfig.
[0604/160938.906:WARNING:dns_config_service_win.cc(668)] Failed to read DnsConfig.
[0604/160943.962:WARNING:dns_config_service_win.cc(668)] Failed to read DnsConfig.
[0604/160948.982:WARNING:dns_config_service_win.cc(668)] Failed to read DnsConfig.
[0604/160954.008:WARNING:dns_config_service_win.cc(668)] Failed to read DnsConfig.
[0604/160959.031:WARNING:dns_config_service_win.cc(668)] Failed to read DnsConfig.
[0604/161004.047:WARNING:dns_config_service_win.cc(668)] Failed to read DnsConfig.
[0604/161009.086:WARNING:dns_config_service_win.cc(668)] Failed to read DnsConfig.
[0604/161014.112:WARNING:dns_config_service_win.cc(668)] Failed to read DnsConfig.
[0604/161019.149:WARNING:dns_config_service_win.cc(668)] Failed to read DnsConfig.
[0604/161024.167:WARNING:dns_config_service_win.cc(668)] Failed to read DnsConfig.
[0604/161029.186:WARNING:dns_config_service_win.cc(668)] Failed to read DnsConfig.
[0604/161034.205:WARNING:dns_config_service_win.cc(668)] Failed to read DnsConfig.
[0604/161039.220:WARNING:dns_config_service_win.cc(668)] Failed to read DnsConfig.
[0604/161044.246:WARNING:dns_config_service_win.cc(668)] Failed to read DnsConfig.
[0604/161049.258:WARNING:dns_config_service_win.cc(668)] Failed to read DnsConfig.
[0604/161054.303:WARNING:dns_config_service_win.cc(668)] Failed to read DnsConfig.
[0604/161059.325:WARNING:dns_config_service_win.cc(668)] Failed to read DnsConfig.
[0604/161104.422:WARNING:dns_config_service_win.cc(668)] Failed to read DnsConfig.
[0604/161109.433:WARNING:dns_config_service_win.cc(668)] Failed to read DnsConfig.
[0604/161114.449:WARNING:dns_config_service_win.cc(668)] Failed to read DnsConfig.
[0604/161119.468:WARNING:dns_config_service_win.cc(668)] Failed to read DnsConfig.
[0604/161124.481:WARNING:dns_config_service_win.cc(668)] Failed to read DnsConfig.
[0604/161129.503:WARNING:dns_config_service_win.cc(668)] Failed to read DnsConfig.
[0604/161134.529:WARNING:dns_config_service_win.cc(668)] Failed to read DnsConfig.
[0604/161139.542:WARNING:dns_config_service_win.cc(668)] Failed to read DnsConfig.
[0604/161144.566:WARNING:dns_config_service_win.cc(668)] Failed to read DnsConfig.
[0604/161149.577:WARNING:dns_config_service_win.cc(668)] Failed to read DnsConfig.
[0604/161154.593:WARNING:dns_config_service_win.cc(668)] Failed to read DnsConfig.
[0604/161159.607:WARNING:dns_config_service_win.cc(668)] Failed to read DnsConfig.
[0604/161204.622:WARNING:dns_config_service_win.cc(668)] Failed to read DnsConfig.
[0604/161209.726:WARNING:dns_config_service_win.cc(668)] Failed to read DnsConfig.
[0604/161214.761:WARNING:dns_config_service_win.cc(668)] Failed to read DnsConfig.
[0604/161219.849:WARNING:dns_config_service_win.cc(668)] Failed to read DnsConfig.
[0604/161224.873:WARNING:dns_config_service_win.cc(668)] Failed to read DnsConfig.
[0604/170608.837:WARNING:dns_config_service_win.cc(668)] Failed to read DnsConfig.
[0604/170613.863:WARNING:dns_config_service_win.cc(668)] Failed to read DnsConfig.
[0604/170618.895:WARNING:dns_config_service_win.cc(668)] Failed to read DnsConfig.
[0604/170623.967:WARNING:dns_config_service_win.cc(668)] Failed to read DnsConfig.
[0604/172313.067:WARNING:dns_config_service_win.cc(668)] Failed to read DnsConfig.
[0604/172318.082:WARNING:dns_config_service_win.cc(668)] Failed to read DnsConfig.
[0604/172323.109:WARNING:dns_config_service_win.cc(668)] Failed to read DnsConfig.
[0604/172328.117:WARNING:dns_config_service_win.cc(668)] Failed to read DnsConfig.
[0604/172333.151:WARNING:dns_config_service_win.cc(668)] Failed to read DnsConfig.
[0604/172338.192:WARNING:dns_config_service_win.cc(668)] Failed to read DnsConfig.
[0604/172343.217:WARNING:dns_config_service_win.cc(668)] Failed to read DnsConfig.
[0604/172348.257:WARNING:dns_config_service_win.cc(668)] Failed to read DnsConfig.
[0604/172353.275:WARNING:dns_config_service_win.cc(668)] Failed to read DnsConfig.
[0604/172358.316:WARNING:dns_config_service_win.cc(668)] Failed to read DnsConfig.
[0604/172403.333:WARNING:dns_config_service_win.cc(668)] Failed to read DnsConfig.
[0604/172408.366:WARNING:dns_config_service_win.cc(668)] Failed to read DnsConfig.
[0604/172413.391:WARNING:dns_config_service_win.cc(668)] Failed to read DnsConfig.
[0604/172418.409:WARNING:dns_config_service_win.cc(668)] Failed to read DnsConfig.
[0604/172423.434:WARNING:dns_config_service_win.cc(668)] Failed to read DnsConfig.
[0604/172428.459:WARNING:dns_config_service_win.cc(668)] Failed to read DnsConfig.
[0604/172433.484:WARNING:dns_config_service_win.cc(668)] Failed to read DnsConfig.
[0604/172438.768:WARNING:dns_config_service_win.cc(668)] Failed to read DnsConfig.
[0604/172443.785:WARNING:dns_config_service_win.cc(668)] Failed to read DnsConfig.
[0604/172448.809:WARNING:dns_config_service_win.cc(668)] Failed to read DnsConfig.
[0604/172453.834:WARNING:dns_config_service_win.cc(668)] Failed to read DnsConfig.
[0604/172458.859:WARNING:dns_config_service_win.cc(668)] Failed to read DnsConfig.
[0604/172503.884:WARNING:dns_config_service_win.cc(668)] Failed to read DnsConfig.
[0604/172508.909:WARNING:dns_config_service_win.cc(668)] Failed to read DnsConfig.
[0604/172513.934:WARNING:dns_config_service_win.cc(668)] Failed to read DnsConfig.
[0604/172518.966:WARNING:dns_config_service_win.cc(668)] Failed to read DnsConfig.
[0604/172523.998:WARNING:dns_config_service_win.cc(668)] Failed to read DnsConfig.
[0604/172529.039:WARNING:dns_config_service_win.cc(668)] Failed to read DnsConfig.
[0604/172534.056:WARNING:dns_config_service_win.cc(668)] Failed to read DnsConfig.
[0604/172539.096:WARNING:dns_config_service_win.cc(668)] Failed to read DnsConfig.
[0604/172544.122:WARNING:dns_config_service_win.cc(668)] Failed to read DnsConfig.
[0604/172549.147:WARNING:dns_config_service_win.cc(668)] Failed to read DnsConfig.
[0604/172554.179:WARNING:dns_config_service_win.cc(668)] Failed to read DnsConfig.
[0604/172559.220:WARNING:dns_config_service_win.cc(668)] Failed to read DnsConfig.
[0604/172604.244:WARNING:dns_config_service_win.cc(668)] Failed to read DnsConfig.
[0604/172609.277:WARNING:dns_config_service_win.cc(668)] Failed to read DnsConfig.
[0604/172614.303:WARNING:dns_config_service_win.cc(668)] Failed to read DnsConfig.
[0604/172619.345:WARNING:dns_config_service_win.cc(668)] Failed to read DnsConfig.
[0604/172624.369:WARNING:dns_config_service_win.cc(668)] Failed to read DnsConfig.
[0604/172629.410:WARNING:dns_config_service_win.cc(668)] Failed to read DnsConfig.
[0604/172634.430:WARNING:dns_config_service_win.cc(668)] Failed to read DnsConfig.
[0604/172639.455:WARNING:dns_config_service_win.cc(668)] Failed to read DnsConfig.
[0604/172644.471:WARNING:dns_config_service_win.cc(668)] Failed to read DnsConfig.
[0604/172649.505:WARNING:dns_config_service_win.cc(668)] Failed to read DnsConfig.
[0604/172654.521:WARNING:dns_config_service_win.cc(668)] Failed to read DnsConfig.
[0604/172659.547:WARNING:dns_config_service_win.cc(668)] Failed to read DnsConfig.
[0604/172704.572:WARNING:dns_config_service_win.cc(668)] Failed to read DnsConfig.
[0604/172709.597:WARNING:dns_config_service_win.cc(668)] Failed to read DnsConfig.
[0604/172714.615:WARNING:dns_config_service_win.cc(668)] Failed to read DnsConfig.
[0604/172719.641:WARNING:dns_config_service_win.cc(668)] Failed to read DnsConfig.
[0604/172724.690:WARNING:dns_config_service_win.cc(668)] Failed to read DnsConfig.
[0604/172729.724:WARNING:dns_config_service_win.cc(668)] Failed to read DnsConfig.
[0604/172734.773:WARNING:dns_config_service_win.cc(668)] Failed to read DnsConfig.
[0604/172739.805:WARNING:dns_config_service_win.cc(668)] Failed to read DnsConfig.
[0604/172744.846:WARNING:dns_config_service_win.cc(668)] Failed to read DnsConfig.
[0604/172749.873:WARNING:dns_config_service_win.cc(668)] Failed to read DnsConfig.
[0604/172754.898:WARNING:dns_config_service_win.cc(668)] Failed to read DnsConfig.
[0604/172759.946:WARNING:dns_config_service_win.cc(668)] Failed to read DnsConfig.
[0604/172804.964:WARNING:dns_config_service_win.cc(668)] Failed to read DnsConfig.
[0604/172810.022:WARNING:dns_config_service_win.cc(668)] Failed to read DnsConfig.
[0604/172815.046:WARNING:dns_config_service_win.cc(668)] Failed to read DnsConfig.
[0604/172820.072:WARNING:dns_config_service_win.cc(668)] Failed to read DnsConfig.
[0604/172825.105:WARNING:dns_config_service_win.cc(668)] Failed to read DnsConfig.
[0604/172830.147:WARNING:dns_config_service_win.cc(668)] Failed to read DnsConfig.
[0604/172835.188:WARNING:dns_config_service_win.cc(668)] Failed to read DnsConfig.
[0604/172840.228:WARNING:dns_config_service_win.cc(668)] Failed to read DnsConfig.
[0604/172845.271:WARNING:dns_config_service_win.cc(668)] Failed to read DnsConfig.
[0604/172850.295:WARNING:dns_config_service_win.cc(668)] Failed to read DnsConfig.
[0604/172855.319:WARNING:dns_config_service_win.cc(668)] Failed to read DnsConfig.
[0604/172900.362:WARNING:dns_config_service_win.cc(668)] Failed to read DnsConfig.
[0604/172905.388:WARNING:dns_config_service_win.cc(668)] Failed to read DnsConfig.
[0604/172910.422:WARNING:dns_config_service_win.cc(668)] Failed to read DnsConfig.
[0604/172915.457:WARNING:dns_config_service_win.cc(668)] Failed to read DnsConfig.
[0604/172920.489:WARNING:dns_config_service_win.cc(668)] Failed to read DnsConfig.
[0604/172925.507:WARNING:dns_config_service_win.cc(668)] Failed to read DnsConfig.
[0604/172930.547:WARNING:dns_config_service_win.cc(668)] Failed to read DnsConfig.
[0604/172935.573:WARNING:dns_config_service_win.cc(668)] Failed to read DnsConfig.
[0604/172940.599:WARNING:dns_config_service_win.cc(668)] Failed to read DnsConfig.
[0604/172945.638:WARNING:dns_config_service_win.cc(668)] Failed to read DnsConfig.
[0604/172950.673:WARNING:dns_config_service_win.cc(668)] Failed to read DnsConfig.
[0604/172955.702:WARNING:dns_config_service_win.cc(668)] Failed to read DnsConfig.
[0604/173000.735:WARNING:dns_config_service_win.cc(668)] Failed to read DnsConfig.
[0604/173005.766:WARNING:dns_config_service_win.cc(668)] Failed to read DnsConfig.
[0604/173010.791:WARNING:dns_config_service_win.cc(668)] Failed to read DnsConfig.
[0604/173016.000:WARNING:dns_config_service_win.cc(668)] Failed to read DnsConfig.
[0604/173021.085:WARNING:dns_config_service_win.cc(668)] Failed to read DnsConfig.
[0604/173026.101:WARNING:dns_config_service_win.cc(668)] Failed to read DnsConfig.
[0604/173031.131:WARNING:dns_config_service_win.cc(668)] Failed to read DnsConfig.
[0604/173036.146:WARNING:dns_config_service_win.cc(668)] Failed to read DnsConfig.
[0604/173041.162:WARNING:dns_config_service_win.cc(668)] Failed to read DnsConfig.
[0604/173046.202:WARNING:dns_config_service_win.cc(668)] Failed to read DnsConfig.
[0604/173051.215:WARNING:dns_config_service_win.cc(668)] Failed to read DnsConfig.
[0604/173056.226:WARNING:dns_config_service_win.cc(668)] Failed to read DnsConfig.
[0604/173101.249:WARNING:dns_config_service_win.cc(668)] Failed to read DnsConfig.
[0604/173106.266:WARNING:dns_config_service_win.cc(668)] Failed to read DnsConfig.
[0604/173111.294:WARNING:dns_config_service_win.cc(668)] Failed to read DnsConfig.
[0604/173116.325:WARNING:dns_config_service_win.cc(668)] Failed to read DnsConfig.
[0604/173121.339:WARNING:dns_config_service_win.cc(668)] Failed to read DnsConfig.
[0604/173126.369:WARNING:dns_config_service_win.cc(668)] Failed to read DnsConfig.
[0604/173131.403:WARNING:dns_config_service_win.cc(668)] Failed to read DnsConfig.
[0604/173136.430:WARNING:dns_config_service_win.cc(668)] Failed to read DnsConfig.
[0604/173141.459:WARNING:dns_config_service_win.cc(668)] Failed to read DnsConfig.
[0604/173146.479:WARNING:dns_config_service_win.cc(668)] Failed to read DnsConfig.
[0604/173151.503:WARNING:dns_config_service_win.cc(668)] Failed to read DnsConfig.
[0604/173156.524:WARNING:dns_config_service_win.cc(668)] Failed to read DnsConfig.
[0604/173201.549:WARNING:dns_config_service_win.cc(668)] Failed to read DnsConfig.
[0604/173206.578:WARNING:dns_config_service_win.cc(668)] Failed to read DnsConfig.
[0604/173211.606:WARNING:dns_config_service_win.cc(668)] Failed to read DnsConfig.
[0604/173216.631:WARNING:dns_config_service_win.cc(668)] Failed to read DnsConfig.
[0604/173221.656:WARNING:dns_config_service_win.cc(668)] Failed to read DnsConfig.
[0604/173226.737:WARNING:dns_config_service_win.cc(668)] Failed to read DnsConfig.
[0604/173231.760:WARNING:dns_config_service_win.cc(668)] Failed to read DnsConfig.
[0604/173236.794:WARNING:dns_config_service_win.cc(668)] Failed to read DnsConfig.
[0604/173241.819:WARNING:dns_config_service_win.cc(668)] Failed to read DnsConfig.
[0604/173246.848:WARNING:dns_config_service_win.cc(668)] Failed to read DnsConfig.
[0604/173251.869:WARNING:dns_config_service_win.cc(668)] Failed to read DnsConfig.
[0604/173256.899:WARNING:dns_config_service_win.cc(668)] Failed to read DnsConfig.
[0604/173301.933:WARNING:dns_config_service_win.cc(668)] Failed to read DnsConfig.
[0604/173306.958:WARNING:dns_config_service_win.cc(668)] Failed to read DnsConfig.
[0604/173311.990:WARNING:dns_config_service_win.cc(668)] Failed to read DnsConfig.
[0604/173317.031:WARNING:dns_config_service_win.cc(668)] Failed to read DnsConfig.
[0604/173322.055:WARNING:dns_config_service_win.cc(668)] Failed to read DnsConfig.
[0604/173327.088:WARNING:dns_config_service_win.cc(668)] Failed to read DnsConfig.
[0604/173332.153:WARNING:dns_config_service_win.cc(668)] Failed to read DnsConfig.
[0604/173337.204:WARNING:dns_config_service_win.cc(668)] Failed to read DnsConfig.
[0604/173342.221:WARNING:dns_config_service_win.cc(668)] Failed to read DnsConfig.
[0604/173347.293:WARNING:dns_config_service_win.cc(668)] Failed to read DnsConfig.
[0604/173352.323:WARNING:dns_config_service_win.cc(668)] Failed to read DnsConfig.
[0604/173357.339:WARNING:dns_config_service_win.cc(668)] Failed to read DnsConfig.
[0604/173402.380:WARNING:dns_config_service_win.cc(668)] Failed to read DnsConfig.
[0604/173407.401:WARNING:dns_config_service_win.cc(668)] Failed to read DnsConfig.
[0604/173412.428:WARNING:dns_config_service_win.cc(668)] Failed to read DnsConfig.
[0604/173417.476:WARNING:dns_config_service_win.cc(668)] Failed to read DnsConfig.
[0604/173422.509:WARNING:dns_config_service_win.cc(668)] Failed to read DnsConfig.
[0604/173427.528:WARNING:dns_config_service_win.cc(668)] Failed to read DnsConfig.
[0604/173432.552:WARNING:dns_config_service_win.cc(668)] Failed to read DnsConfig.
[0604/173437.575:WARNING:dns_config_service_win.cc(668)] Failed to read DnsConfig.
[0604/173442.599:WARNING:dns_config_service_win.cc(668)] Failed to read DnsConfig.
[0604/173447.620:WARNING:dns_config_service_win.cc(668)] Failed to read DnsConfig.
[0604/173452.654:WARNING:dns_config_service_win.cc(668)] Failed to read DnsConfig.
[0604/173457.668:WARNING:dns_config_service_win.cc(668)] Failed to read DnsConfig.
[0604/173502.683:WARNING:dns_config_service_win.cc(668)] Failed to read DnsConfig.
[0604/173507.717:WARNING:dns_config_service_win.cc(668)] Failed to read DnsConfig.
[0604/173512.740:WARNING:dns_config_service_win.cc(668)] Failed to read DnsConfig.
[0604/173517.759:WARNING:dns_config_service_win.cc(668)] Failed to read DnsConfig.
[0604/173522.790:WARNING:dns_config_service_win.cc(668)] Failed to read DnsConfig.
[0604/173527.811:WARNING:dns_config_service_win.cc(668)] Failed to read DnsConfig.
[0604/173532.845:WARNING:dns_config_service_win.cc(668)] Failed to read DnsConfig.
[0604/173537.900:WARNING:dns_config_service_win.cc(668)] Failed to read DnsConfig.
[0604/173542.917:WARNING:dns_config_service_win.cc(668)] Failed to read DnsConfig.
[0604/173547.987:WARNING:dns_config_service_win.cc(668)] Failed to read DnsConfig.
[0604/173553.145:WARNING:dns_config_service_win.cc(668)] Failed to read DnsConfig.
[0604/173558.203:WARNING:dns_config_service_win.cc(668)] Failed to read DnsConfig.
[0604/173603.238:WARNING:dns_config_service_win.cc(668)] Failed to read DnsConfig.
[0604/173608.265:WARNING:dns_config_service_win.cc(668)] Failed to read DnsConfig.
[0604/173613.318:WARNING:dns_config_service_win.cc(668)] Failed to read DnsConfig.
[0604/173618.359:WARNING:dns_config_service_win.cc(668)] Failed to read DnsConfig.
[0604/173623.383:WARNING:dns_config_service_win.cc(668)] Failed to read DnsConfig.
[0604/173628.406:WARNING:dns_config_service_win.cc(668)] Failed to read DnsConfig.
[0604/173633.416:WARNING:dns_config_service_win.cc(668)] Failed to read DnsConfig.
[0604/173638.443:WARNING:dns_config_service_win.cc(668)] Failed to read DnsConfig.
[0604/173643.487:WARNING:dns_config_service_win.cc(668)] Failed to read DnsConfig.
[0604/173648.514:WARNING:dns_config_service_win.cc(668)] Failed to read DnsConfig.
[0604/173653.557:WARNING:dns_config_service_win.cc(668)] Failed to read DnsConfig.
[0604/173658.583:WARNING:dns_config_service_win.cc(668)] Failed to read DnsConfig.
[0604/173703.622:WARNING:dns_config_service_win.cc(668)] Failed to read DnsConfig.
[0604/173708.672:WARNING:dns_config_service_win.cc(668)] Failed to read DnsConfig.
[0604/173713.706:WARNING:dns_config_service_win.cc(668)] Failed to read DnsConfig.
[0604/173718.737:WARNING:dns_config_service_win.cc(668)] Failed to read DnsConfig.
[0604/173723.757:WARNING:dns_config_service_win.cc(668)] Failed to read DnsConfig.
[0604/173728.801:WARNING:dns_config_service_win.cc(668)] Failed to read DnsConfig.
[0604/173733.825:WARNING:dns_config_service_win.cc(668)] Failed to read DnsConfig.
[0604/173738.850:WARNING:dns_config_service_win.cc(668)] Failed to read DnsConfig.
[0604/173743.889:WARNING:dns_config_service_win.cc(668)] Failed to read DnsConfig.
[0604/173748.957:WARNING:dns_config_service_win.cc(668)] Failed to read DnsConfig.
[0604/173753.992:WARNING:dns_config_service_win.cc(668)] Failed to read DnsConfig.
[0604/173759.061:WARNING:dns_config_service_win.cc(668)] Failed to read DnsConfig.
[0604/173804.077:WARNING:dns_config_service_win.cc(668)] Failed to read DnsConfig.
[0604/173809.109:WARNING:dns_config_service_win.cc(668)] Failed to read DnsConfig.
[0604/173814.142:WARNING:dns_config_service_win.cc(668)] Failed to read DnsConfig.
[0604/173819.156:WARNING:dns_config_service_win.cc(668)] Failed to read DnsConfig.
[0604/173824.216:WARNING:dns_config_service_win.cc(668)] Failed to read DnsConfig.
[0604/173829.250:WARNING:dns_config_service_win.cc(668)] Failed to read DnsConfig.
[0604/173834.279:WARNING:dns_config_service_win.cc(668)] Failed to read DnsConfig.
[0604/173839.307:WARNING:dns_config_service_win.cc(668)] Failed to read DnsConfig.
[0604/173844.369:WARNING:dns_config_service_win.cc(668)] Failed to read DnsConfig.
[0604/173849.402:WARNING:dns_config_service_win.cc(668)] Failed to read DnsConfig.
[0604/173854.429:WARNING:dns_config_service_win.cc(668)] Failed to read DnsConfig.
[0604/173859.461:WARNING:dns_config_service_win.cc(668)] Failed to read DnsConfig.
[0604/173904.507:WARNING:dns_config_service_win.cc(668)] Failed to read DnsConfig.
[0604/173909.527:WARNING:dns_config_service_win.cc(668)] Failed to read DnsConfig.
[0604/173914.561:WARNING:dns_config_service_win.cc(668)] Failed to read DnsConfig.
[0604/173919.594:WARNING:dns_config_service_win.cc(668)] Failed to read DnsConfig.
[0604/173924.627:WARNING:dns_config_service_win.cc(668)] Failed to read DnsConfig.
[0604/173929.645:WARNING:dns_config_service_win.cc(668)] Failed to read DnsConfig.
[0604/173934.669:WARNING:dns_config_service_win.cc(668)] Failed to read DnsConfig.
[0604/173939.710:WARNING:dns_config_service_win.cc(668)] Failed to read DnsConfig.
[0604/173944.726:WARNING:dns_config_service_win.cc(668)] Failed to read DnsConfig.
[0604/173949.759:WARNING:dns_config_service_win.cc(668)] Failed to read DnsConfig.
[0604/173954.799:WARNING:dns_config_service_win.cc(668)] Failed to read DnsConfig.
[0604/173959.832:WARNING:dns_config_service_win.cc(668)] Failed to read DnsConfig.
[0604/174004.867:WARNING:dns_config_service_win.cc(668)] Failed to read DnsConfig.
[0604/174009.896:WARNING:dns_config_service_win.cc(668)] Failed to read DnsConfig.
[0604/174014.921:WARNING:dns_config_service_win.cc(668)] Failed to read DnsConfig.
[0604/174019.943:WARNING:dns_config_service_win.cc(668)] Failed to read DnsConfig.
[0604/174024.978:WARNING:dns_config_service_win.cc(668)] Failed to read DnsConfig.
[0604/174029.996:WARNING:dns_config_service_win.cc(668)] Failed to read DnsConfig.
[0604/174035.023:WARNING:dns_config_service_win.cc(668)] Failed to read DnsConfig.
[0604/174040.095:WARNING:dns_config_service_win.cc(668)] Failed to read DnsConfig.
[0604/174045.136:WARNING:dns_config_service_win.cc(668)] Failed to read DnsConfig.
[0604/174050.169:WARNING:dns_config_service_win.cc(668)] Failed to read DnsConfig.
[0604/174055.200:WARNING:dns_config_service_win.cc(668)] Failed to read DnsConfig.
[0604/174100.222:WARNING:dns_config_service_win.cc(668)] Failed to read DnsConfig.
[0604/174105.255:WARNING:dns_config_service_win.cc(668)] Failed to read DnsConfig.
[0604/174110.280:WARNING:dns_config_service_win.cc(668)] Failed to read DnsConfig.
[0604/174115.315:WARNING:dns_config_service_win.cc(668)] Failed to read DnsConfig.
[0604/174120.364:WARNING:dns_config_service_win.cc(668)] Failed to read DnsConfig.
[0604/174125.382:WARNING:dns_config_service_win.cc(668)] Failed to read DnsConfig.
[0604/174130.430:WARNING:dns_config_service_win.cc(668)] Failed to read DnsConfig.
[0604/174135.488:WARNING:dns_config_service_win.cc(668)] Failed to read DnsConfig.
[0604/174140.513:WARNING:dns_config_service_win.cc(668)] Failed to read DnsConfig.
[0604/174145.550:WARNING:dns_config_service_win.cc(668)] Failed to read DnsConfig.
[0604/174150.570:WARNING:dns_config_service_win.cc(668)] Failed to read DnsConfig.
[0604/174155.675:WARNING:dns_config_service_win.cc(668)] Failed to read DnsConfig.
[0604/174200.719:WARNING:dns_config_service_win.cc(668)] Failed to read DnsConfig.
[0604/174205.748:WARNING:dns_config_service_win.cc(668)] Failed to read DnsConfig.
[0604/174210.823:WARNING:dns_config_service_win.cc(668)] Failed to read DnsConfig.
[0604/174215.861:WARNING:dns_config_service_win.cc(668)] Failed to read DnsConfig.
[0604/174220.909:WARNING:dns_config_service_win.cc(668)] Failed to read DnsConfig.
[0604/174225.954:WARNING:dns_config_service_win.cc(668)] Failed to read DnsConfig.
[0604/174230.995:WARNING:dns_config_service_win.cc(668)] Failed to read DnsConfig.
[0604/174236.034:WARNING:dns_config_service_win.cc(668)] Failed to read DnsConfig.
[0604/174241.070:WARNING:dns_config_service_win.cc(668)] Failed to read DnsConfig.
[0604/174246.094:WARNING:dns_config_service_win.cc(668)] Failed to read DnsConfig.
[0604/174251.133:WARNING:dns_config_service_win.cc(668)] Failed to read DnsConfig.
[0604/174256.172:WARNING:dns_config_service_win.cc(668)] Failed to read DnsConfig.
[0604/174301.194:WARNING:dns_config_service_win.cc(668)] Failed to read DnsConfig.
[0604/174306.209:WARNING:dns_config_service_win.cc(668)] Failed to read DnsConfig.
[0604/174311.237:WARNING:dns_config_service_win.cc(668)] Failed to read DnsConfig.
[0604/174316.259:WARNING:dns_config_service_win.cc(668)] Failed to read DnsConfig.
[0604/174321.279:WARNING:dns_config_service_win.cc(668)] Failed to read DnsConfig.
[0604/174326.318:WARNING:dns_config_service_win.cc(668)] Failed to read DnsConfig.
[0604/174331.340:WARNING:dns_config_service_win.cc(668)] Failed to read DnsConfig.
[0604/174336.366:WARNING:dns_config_service_win.cc(668)] Failed to read DnsConfig.
[0604/174341.395:WARNING:dns_config_service_win.cc(668)] Failed to read DnsConfig.
[0604/174346.440:WARNING:dns_config_service_win.cc(668)] Failed to read DnsConfig.
[0604/174351.479:WARNING:dns_config_service_win.cc(668)] Failed to read DnsConfig.
[0604/174356.508:WARNING:dns_config_service_win.cc(668)] Failed to read DnsConfig.
[0604/174401.553:WARNING:dns_config_service_win.cc(668)] Failed to read DnsConfig.
[0604/174406.598:WARNING:dns_config_service_win.cc(668)] Failed to read DnsConfig.
[0604/174411.623:WARNING:dns_config_service_win.cc(668)] Failed to read DnsConfig.
[0604/174416.650:WARNING:dns_config_service_win.cc(668)] Failed to read DnsConfig.
[0604/174421.688:WARNING:dns_config_service_win.cc(668)] Failed to read DnsConfig.
[0604/174426.710:WARNING:dns_config_service_win.cc(668)] Failed to read DnsConfig.
[0604/174431.733:WARNING:dns_config_service_win.cc(668)] Failed to read DnsConfig.
[0604/174436.773:WARNING:dns_config_service_win.cc(668)] Failed to read DnsConfig.
[0604/174441.796:WARNING:dns_config_service_win.cc(668)] Failed to read DnsConfig.
[0604/174446.834:WARNING:dns_config_service_win.cc(668)] Failed to read DnsConfig.
[0604/174451.855:WARNING:dns_config_service_win.cc(668)] Failed to read DnsConfig.
[0604/174456.882:WARNING:dns_config_service_win.cc(668)] Failed to read DnsConfig.
[0604/174501.903:WARNING:dns_config_service_win.cc(668)] Failed to read DnsConfig.
[0604/174506.931:WARNING:dns_config_service_win.cc(668)] Failed to read DnsConfig.
[0604/174511.974:WARNING:dns_config_service_win.cc(668)] Failed to read DnsConfig.
[0604/174517.007:WARNING:dns_config_service_win.cc(668)] Failed to read DnsConfig.
[0604/174522.023:WARNING:dns_config_service_win.cc(668)] Failed to read DnsConfig.
[0604/174527.040:WARNING:dns_config_service_win.cc(668)] Failed to read DnsConfig.
[0604/174532.060:WARNING:dns_config_service_win.cc(668)] Failed to read DnsConfig.
[0604/174537.083:WARNING:dns_config_service_win.cc(668)] Failed to read DnsConfig.
[0604/174542.100:WARNING:dns_config_service_win.cc(668)] Failed to read DnsConfig.
[0604/174547.121:WARNING:dns_config_service_win.cc(668)] Failed to read DnsConfig.
[0604/174552.157:WARNING:dns_config_service_win.cc(668)] Failed to read DnsConfig.
[0604/174557.197:WARNING:dns_config_service_win.cc(668)] Failed to read DnsConfig.
[0604/174602.224:WARNING:dns_config_service_win.cc(668)] Failed to read DnsConfig.
[0604/174607.239:WARNING:dns_config_service_win.cc(668)] Failed to read DnsConfig.
[0604/174612.255:WARNING:dns_config_service_win.cc(668)] Failed to read DnsConfig.
[0604/174617.269:WARNING:dns_config_service_win.cc(668)] Failed to read DnsConfig.
[0604/174622.315:WARNING:dns_config_service_win.cc(668)] Failed to read DnsConfig.
[0604/174627.348:WARNING:dns_config_service_win.cc(668)] Failed to read DnsConfig.
[0604/174632.375:WARNING:dns_config_service_win.cc(668)] Failed to read DnsConfig.
[0604/174637.410:WARNING:dns_config_service_win.cc(668)] Failed to read DnsConfig.
[0604/174642.435:WARNING:dns_config_service_win.cc(668)] Failed to read DnsConfig.
[0604/174647.474:WARNING:dns_config_service_win.cc(668)] Failed to read DnsConfig.
[0604/174652.498:WARNING:dns_config_service_win.cc(668)] Failed to read DnsConfig.
[0604/174657.523:WARNING:dns_config_service_win.cc(668)] Failed to read DnsConfig.
[0604/174702.547:WARNING:dns_config_service_win.cc(668)] Failed to read DnsConfig.
[0604/174707.566:WARNING:dns_config_service_win.cc(668)] Failed to read DnsConfig.
[0604/174712.775:WARNING:dns_config_service_win.cc(668)] Failed to read DnsConfig.
[0604/174717.908:WARNING:dns_config_service_win.cc(668)] Failed to read DnsConfig.
[0604/174722.926:WARNING:dns_config_service_win.cc(668)] Failed to read DnsConfig.
[0604/174727.954:WARNING:dns_config_service_win.cc(668)] Failed to read DnsConfig.
[0604/174732.978:WARNING:dns_config_service_win.cc(668)] Failed to read DnsConfig.
[0604/174738.010:WARNING:dns_config_service_win.cc(668)] Failed to read DnsConfig.
[0604/174743.042:WARNING:dns_config_service_win.cc(668)] Failed to read DnsConfig.
[0604/174748.084:WARNING:dns_config_service_win.cc(668)] Failed to read DnsConfig.
[0604/174753.294:WARNING:dns_config_service_win.cc(668)] Failed to read DnsConfig.
[0604/174758.310:WARNING:dns_config_service_win.cc(668)] Failed to read DnsConfig.
[0604/174803.334:WARNING:dns_config_service_win.cc(668)] Failed to read DnsConfig.
[0604/174808.358:WARNING:dns_config_service_win.cc(668)] Failed to read DnsConfig.
[0604/174813.374:WARNING:dns_config_service_win.cc(668)] Failed to read DnsConfig.
[0604/174818.390:WARNING:dns_config_service_win.cc(668)] Failed to read DnsConfig.
[0604/174823.406:WARNING:dns_config_service_win.cc(668)] Failed to read DnsConfig.
[0604/174828.422:WARNING:dns_config_service_win.cc(668)] Failed to read DnsConfig.
[0604/174833.438:WARNING:dns_config_service_win.cc(668)] Failed to read DnsConfig.
[0604/174838.462:WARNING:dns_config_service_win.cc(668)] Failed to read DnsConfig.
[0604/174843.486:WARNING:dns_config_service_win.cc(668)] Failed to read DnsConfig.
[0604/174848.510:WARNING:dns_config_service_win.cc(668)] Failed to read DnsConfig.
[0604/174853.558:WARNING:dns_config_service_win.cc(668)] Failed to read DnsConfig.
[0604/174858.582:WARNING:dns_config_service_win.cc(668)] Failed to read DnsConfig.
[0604/174903.612:WARNING:dns_config_service_win.cc(668)] Failed to read DnsConfig.
[0604/174908.636:WARNING:dns_config_service_win.cc(668)] Failed to read DnsConfig.
[0604/174913.652:WARNING:dns_config_service_win.cc(668)] Failed to read DnsConfig.
[0604/174918.668:WARNING:dns_config_service_win.cc(668)] Failed to read DnsConfig.
[0604/174923.684:WARNING:dns_config_service_win.cc(668)] Failed to read DnsConfig.
[0604/174928.708:WARNING:dns_config_service_win.cc(668)] Failed to read DnsConfig.
[0604/174933.740:WARNING:dns_config_service_win.cc(668)] Failed to read DnsConfig.
[0604/174938.756:WARNING:dns_config_service_win.cc(668)] Failed to read DnsConfig.
[0604/174943.772:WARNING:dns_config_service_win.cc(668)] Failed to read DnsConfig.
[0604/174948.788:WARNING:dns_config_service_win.cc(668)] Failed to read DnsConfig.
[0604/174953.812:WARNING:dns_config_service_win.cc(668)] Failed to read DnsConfig.
[0604/174958.828:WARNING:dns_config_service_win.cc(668)] Failed to read DnsConfig.
[0604/175003.852:WARNING:dns_config_service_win.cc(668)] Failed to read DnsConfig.
[0604/175008.876:WARNING:dns_config_service_win.cc(668)] Failed to read DnsConfig.
[0604/175013.892:WARNING:dns_config_service_win.cc(668)] Failed to read DnsConfig.
[0604/175018.908:WARNING:dns_config_service_win.cc(668)] Failed to read DnsConfig.
[0604/175023.932:WARNING:dns_config_service_win.cc(668)] Failed to read DnsConfig.
[0604/175028.956:WARNING:dns_config_service_win.cc(668)] Failed to read DnsConfig.
[0604/175033.980:WARNING:dns_config_service_win.cc(668)] Failed to read DnsConfig.
[0604/175039.004:WARNING:dns_config_service_win.cc(668)] Failed to read DnsConfig.
[0604/175044.020:WARNING:dns_config_service_win.cc(668)] Failed to read DnsConfig.
[0604/175049.036:WARNING:dns_config_service_win.cc(668)] Failed to read DnsConfig.
[0604/175054.052:WARNING:dns_config_service_win.cc(668)] Failed to read DnsConfig.
[0604/175059.068:WARNING:dns_config_service_win.cc(668)] Failed to read DnsConfig.
[0604/175104.092:WARNING:dns_config_service_win.cc(668)] Failed to read DnsConfig.
[0604/175109.108:WARNING:dns_config_service_win.cc(668)] Failed to read DnsConfig.
[0604/175114.124:WARNING:dns_config_service_win.cc(668)] Failed to read DnsConfig.
[0604/175119.148:WARNING:dns_config_service_win.cc(668)] Failed to read DnsConfig.
[0604/175124.164:WARNING:dns_config_service_win.cc(668)] Failed to read DnsConfig.
[0604/175129.204:WARNING:dns_config_service_win.cc(668)] Failed to read DnsConfig.
[0604/175134.220:WARNING:dns_config_service_win.cc(668)] Failed to read DnsConfig.
[0604/175139.236:WARNING:dns_config_service_win.cc(668)] Failed to read DnsConfig.
[0604/175144.252:WARNING:dns_config_service_win.cc(668)] Failed to read DnsConfig.
[0604/175149.268:WARNING:dns_config_service_win.cc(668)] Failed to read DnsConfig.
[0604/175154.284:WARNING:dns_config_service_win.cc(668)] Failed to read DnsConfig.
[0604/175159.300:WARNING:dns_config_service_win.cc(668)] Failed to read DnsConfig.
[0604/175204.316:WARNING:dns_config_service_win.cc(668)] Failed to read DnsConfig.
[0604/175209.332:WARNING:dns_config_service_win.cc(668)] Failed to read DnsConfig.
[0604/175214.348:WARNING:dns_config_service_win.cc(668)] Failed to read DnsConfig.
[0604/175219.364:WARNING:dns_config_service_win.cc(668)] Failed to read DnsConfig.
[0604/175224.388:WARNING:dns_config_service_win.cc(668)] Failed to read DnsConfig.
[0604/175229.404:WARNING:dns_config_service_win.cc(668)] Failed to read DnsConfig.
[0604/175234.420:WARNING:dns_config_service_win.cc(668)] Failed to read DnsConfig.
[0604/175239.444:WARNING:dns_config_service_win.cc(668)] Failed to read DnsConfig.
[0604/175244.468:WARNING:dns_config_service_win.cc(668)] Failed to read DnsConfig.
[0604/175249.484:WARNING:dns_config_service_win.cc(668)] Failed to read DnsConfig.
[0604/175254.500:WARNING:dns_config_service_win.cc(668)] Failed to read DnsConfig.
[0604/175259.516:WARNING:dns_config_service_win.cc(668)] Failed to read DnsConfig.
[0604/175304.535:WARNING:dns_config_service_win.cc(668)] Failed to read DnsConfig.
[0604/175309.557:WARNING:dns_config_service_win.cc(668)] Failed to read DnsConfig.
[0604/175314.575:WARNING:dns_config_service_win.cc(668)] Failed to read DnsConfig.
[0604/175319.599:WARNING:dns_config_service_win.cc(668)] Failed to read DnsConfig.
[0604/175324.610:WARNING:dns_config_service_win.cc(668)] Failed to read DnsConfig.
[0604/175329.629:WARNING:dns_config_service_win.cc(668)] Failed to read DnsConfig.
[0604/175334.651:WARNING:dns_config_service_win.cc(668)] Failed to read DnsConfig.
[0604/175339.664:WARNING:dns_config_service_win.cc(668)] Failed to read DnsConfig.
[0604/175344.686:WARNING:dns_config_service_win.cc(668)] Failed to read DnsConfig.
[0604/175349.706:WARNING:dns_config_service_win.cc(668)] Failed to read DnsConfig.
[0604/175354.722:WARNING:dns_config_service_win.cc(668)] Failed to read DnsConfig.
[0604/175359.736:WARNING:dns_config_service_win.cc(668)] Failed to read DnsConfig.
[0604/175404.747:WARNING:dns_config_service_win.cc(668)] Failed to read DnsConfig.
[0604/175409.770:WARNING:dns_config_service_win.cc(668)] Failed to read DnsConfig.
[0604/175414.796:WARNING:dns_config_service_win.cc(668)] Failed to read DnsConfig.
[0604/175419.822:WARNING:dns_config_service_win.cc(668)] Failed to read DnsConfig.
[0604/175424.845:WARNING:dns_config_service_win.cc(668)] Failed to read DnsConfig.
[0604/175429.871:WARNING:dns_config_service_win.cc(668)] Failed to read DnsConfig.
[0604/175434.896:WARNING:dns_config_service_win.cc(668)] Failed to read DnsConfig.
[0604/175439.920:WARNING:dns_config_service_win.cc(668)] Failed to read DnsConfig.
[0604/175444.984:WARNING:dns_config_service_win.cc(668)] Failed to read DnsConfig.
[0604/175450.005:WARNING:dns_config_service_win.cc(668)] Failed to read DnsConfig.
[0604/175455.115:WARNING:dns_config_service_win.cc(668)] Failed to read DnsConfig.
[0604/175500.132:WARNING:dns_config_service_win.cc(668)] Failed to read DnsConfig.
[0604/191536.693:WARNING:dns_config_service_win.cc(668)] Failed to read DnsConfig.
[0604/191541.709:WARNING:dns_config_service_win.cc(668)] Failed to read DnsConfig.
[0604/191546.728:WARNING:dns_config_service_win.cc(668)] Failed to read DnsConfig.
[0604/191551.742:WARNING:dns_config_service_win.cc(668)] Failed to read DnsConfig.
[0604/191556.755:WARNING:dns_config_service_win.cc(668)] Failed to read DnsConfig.
[0604/191601.780:WARNING:dns_config_service_win.cc(668)] Failed to read DnsConfig.
[0604/191606.817:WARNING:dns_config_service_win.cc(668)] Failed to read DnsConfig.
[0604/191611.831:WARNING:dns_config_service_win.cc(668)] Failed to read DnsConfig.
[0604/191616.847:WARNING:dns_config_service_win.cc(668)] Failed to read DnsConfig.
[0604/191621.863:WARNING:dns_config_service_win.cc(668)] Failed to read DnsConfig.
[0604/191626.878:WARNING:dns_config_service_win.cc(668)] Failed to read DnsConfig.
[0604/191631.976:WARNING:dns_config_service_win.cc(668)] Failed to read DnsConfig.
[0604/191637.038:WARNING:dns_config_service_win.cc(668)] Failed to read DnsConfig.
[0604/191642.099:WARNING:dns_config_service_win.cc(668)] Failed to read DnsConfig.
[0604/191647.123:WARNING:dns_config_service_win.cc(668)] Failed to read DnsConfig.
[0604/191652.135:WARNING:dns_config_service_win.cc(668)] Failed to read DnsConfig.
[0604/191657.156:WARNING:dns_config_service_win.cc(668)] Failed to read DnsConfig.
[0604/191702.167:WARNING:dns_config_service_win.cc(668)] Failed to read DnsConfig.
[0604/191707.184:WARNING:dns_config_service_win.cc(668)] Failed to read DnsConfig.
[0604/191712.200:WARNING:dns_config_service_win.cc(668)] Failed to read DnsConfig.
[0604/191717.211:WARNING:dns_config_service_win.cc(668)] Failed to read DnsConfig.
[0604/191722.234:WARNING:dns_config_service_win.cc(668)] Failed to read DnsConfig.
[0604/191727.257:WARNING:dns_config_service_win.cc(668)] Failed to read DnsConfig.
[0604/191732.271:WARNING:dns_config_service_win.cc(668)] Failed to read DnsConfig.
[0604/191737.283:WARNING:dns_config_service_win.cc(668)] Failed to read DnsConfig.
[0604/191742.311:WARNING:dns_config_service_win.cc(668)] Failed to read DnsConfig.
[0604/191747.329:WARNING:dns_config_service_win.cc(668)] Failed to read DnsConfig.
[0604/191752.343:WARNING:dns_config_service_win.cc(668)] Failed to read DnsConfig.
[0604/191757.358:WARNING:dns_config_service_win.cc(668)] Failed to read DnsConfig.
[0604/191802.382:WARNING:dns_config_service_win.cc(668)] Failed to read DnsConfig.
[0604/191807.404:WARNING:dns_config_service_win.cc(668)] Failed to read DnsConfig.
[0604/191812.417:WARNING:dns_config_service_win.cc(668)] Failed to read DnsConfig.
[0604/191817.437:WARNING:dns_config_service_win.cc(668)] Failed to read DnsConfig.
[0604/191822.460:WARNING:dns_config_service_win.cc(668)] Failed to read DnsConfig.
[0604/191827.484:WARNING:dns_config_service_win.cc(668)] Failed to read DnsConfig.
[0604/191832.493:WARNING:dns_config_service_win.cc(668)] Failed to read DnsConfig.
[0604/191837.513:WARNING:dns_config_service_win.cc(668)] Failed to read DnsConfig.
[0604/191842.526:WARNING:dns_config_service_win.cc(668)] Failed to read DnsConfig.
[0604/191847.537:WARNING:dns_config_service_win.cc(668)] Failed to read DnsConfig.
[0604/191852.554:WARNING:dns_config_service_win.cc(668)] Failed to read DnsConfig.
[0604/191857.580:WARNING:dns_config_service_win.cc(668)] Failed to read DnsConfig.
[0604/191902.658:WARNING:dns_config_service_win.cc(668)] Failed to read DnsConfig.
[0604/191907.671:WARNING:dns_config_service_win.cc(668)] Failed to read DnsConfig.
[0604/191912.693:WARNING:dns_config_service_win.cc(668)] Failed to read DnsConfig.
[0604/191917.714:WARNING:dns_config_service_win.cc(668)] Failed to read DnsConfig.
[0604/191922.732:WARNING:dns_config_service_win.cc(668)] Failed to read DnsConfig.
[0604/191927.750:WARNING:dns_config_service_win.cc(668)] Failed to read DnsConfig.
[0604/191932.770:WARNING:dns_config_service_win.cc(668)] Failed to read DnsConfig.
[0604/191937.791:WARNING:dns_config_service_win.cc(668)] Failed to read DnsConfig.
[0604/191942.801:WARNING:dns_config_service_win.cc(668)] Failed to read DnsConfig.
[0604/191947.817:WARNING:dns_config_service_win.cc(668)] Failed to read DnsConfig.
[0604/191952.835:WARNING:dns_config_service_win.cc(668)] Failed to read DnsConfig.
[0604/191957.853:WARNING:dns_config_service_win.cc(668)] Failed to read DnsConfig.
[0604/192002.865:WARNING:dns_config_service_win.cc(668)] Failed to read DnsConfig.
[0604/192007.890:WARNING:dns_config_service_win.cc(668)] Failed to read DnsConfig.
[0604/192012.909:WARNING:dns_config_service_win.cc(668)] Failed to read DnsConfig.
[0604/192017.933:WARNING:dns_config_service_win.cc(668)] Failed to read DnsConfig.
[0604/192022.958:WARNING:dns_config_service_win.cc(668)] Failed to read DnsConfig.
[0604/192027.974:WARNING:dns_config_service_win.cc(668)] Failed to read DnsConfig.
[0604/192033.013:WARNING:dns_config_service_win.cc(668)] Failed to read DnsConfig.
[0604/192038.028:WARNING:dns_config_service_win.cc(668)] Failed to read DnsConfig.
[0604/192043.053:WARNING:dns_config_service_win.cc(668)] Failed to read DnsConfig.
[0604/192048.074:WARNING:dns_config_service_win.cc(668)] Failed to read DnsConfig.
[0604/192053.086:WARNING:dns_config_service_win.cc(668)] Failed to read DnsConfig.
[0604/192058.098:WARNING:dns_config_service_win.cc(668)] Failed to read DnsConfig.
[0604/192103.113:WARNING:dns_config_service_win.cc(668)] Failed to read DnsConfig.
[0604/192108.131:WARNING:dns_config_service_win.cc(668)] Failed to read DnsConfig.
[0604/192113.147:WARNING:dns_config_service_win.cc(668)] Failed to read DnsConfig.
[0604/192118.172:WARNING:dns_config_service_win.cc(668)] Failed to read DnsConfig.
[0604/192123.193:WARNING:dns_config_service_win.cc(668)] Failed to read DnsConfig.
[0604/192128.212:WARNING:dns_config_service_win.cc(668)] Failed to read DnsConfig.
[0604/192133.237:WARNING:dns_config_service_win.cc(668)] Failed to read DnsConfig.
[0604/192138.253:WARNING:dns_config_service_win.cc(668)] Failed to read DnsConfig.
[0604/192143.268:WARNING:dns_config_service_win.cc(668)] Failed to read DnsConfig.
[0604/192148.291:WARNING:dns_config_service_win.cc(668)] Failed to read DnsConfig.
[0604/192153.306:WARNING:dns_config_service_win.cc(668)] Failed to read DnsConfig.
[0604/192158.333:WARNING:dns_config_service_win.cc(668)] Failed to read DnsConfig.
[0604/192203.349:WARNING:dns_config_service_win.cc(668)] Failed to read DnsConfig.
[0604/192208.374:WARNING:dns_config_service_win.cc(668)] Failed to read DnsConfig.
[0604/192213.391:WARNING:dns_config_service_win.cc(668)] Failed to read DnsConfig.
[0604/192218.402:WARNING:dns_config_service_win.cc(668)] Failed to read DnsConfig.
[0604/192223.424:WARNING:dns_config_service_win.cc(668)] Failed to read DnsConfig.
[0604/192228.446:WARNING:dns_config_service_win.cc(668)] Failed to read DnsConfig.
[0604/192233.459:WARNING:dns_config_service_win.cc(668)] Failed to read DnsConfig.
[0604/192238.479:WARNING:dns_config_service_win.cc(668)] Failed to read DnsConfig.
[0604/192243.500:WARNING:dns_config_service_win.cc(668)] Failed to read DnsConfig.
[0604/192248.516:WARNING:dns_config_service_win.cc(668)] Failed to read DnsConfig.
[0604/192253.531:WARNING:dns_config_service_win.cc(668)] Failed to read DnsConfig.
[0604/192258.640:WARNING:dns_config_service_win.cc(668)] Failed to read DnsConfig.
[0604/192303.663:WARNING:dns_config_service_win.cc(668)] Failed to read DnsConfig.
[0604/192308.711:WARNING:dns_config_service_win.cc(668)] Failed to read DnsConfig.
[0604/192313.729:WARNING:dns_config_service_win.cc(668)] Failed to read DnsConfig.
[0605/085228.644:ERROR:media_internals.cc(112)] Cannot get RenderProcessHost
[0605/093935.546:WARNING:dns_config_service_win.cc(668)] Failed to read DnsConfig.
[0605/093940.574:WARNING:dns_config_service_win.cc(668)] Failed to read DnsConfig.
[0605/093945.626:WARNING:dns_config_service_win.cc(668)] Failed to read DnsConfig.
[0605/093950.708:WARNING:dns_config_service_win.cc(668)] Failed to read DnsConfig.
[0605/093955.732:WARNING:dns_config_service_win.cc(668)] Failed to read DnsConfig.
[0605/094000.750:WARNING:dns_config_service_win.cc(668)] Failed to read DnsConfig.
[0605/094005.783:WARNING:dns_config_service_win.cc(668)] Failed to read DnsConfig.
[0605/094010.797:WARNING:dns_config_service_win.cc(668)] Failed to read DnsConfig.
[0605/094015.829:WARNING:dns_config_service_win.cc(668)] Failed to read DnsConfig.
[0605/094020.845:WARNING:dns_config_service_win.cc(668)] Failed to read DnsConfig.
[0605/094025.889:WARNING:dns_config_service_win.cc(668)] Failed to read DnsConfig.
[0605/094030.913:WARNING:dns_config_service_win.cc(668)] Failed to read DnsConfig.
[0605/094035.953:WARNING:dns_config_service_win.cc(668)] Failed to read DnsConfig.
[0605/094041.049:WARNING:dns_config_service_win.cc(668)] Failed to read DnsConfig.
[0605/094046.078:WARNING:dns_config_service_win.cc(668)] Failed to read DnsConfig.
[0605/094051.190:WARNING:dns_config_service_win.cc(668)] Failed to read DnsConfig.
[0605/094056.215:WARNING:dns_config_service_win.cc(668)] Failed to read DnsConfig.
[0605/094101.242:WARNING:dns_config_service_win.cc(668)] Failed to read DnsConfig.
[0605/094106.277:WARNING:dns_config_service_win.cc(668)] Failed to read DnsConfig.
[0605/094111.298:WARNING:dns_config_service_win.cc(668)] Failed to read DnsConfig.
[0605/094116.320:WARNING:dns_config_service_win.cc(668)] Failed to read DnsConfig.
[0605/094121.342:WARNING:dns_config_service_win.cc(668)] Failed to read DnsConfig.
[0605/094126.369:WARNING:dns_config_service_win.cc(668)] Failed to read DnsConfig.
[0605/094131.394:WARNING:dns_config_service_win.cc(668)] Failed to read DnsConfig.
[0605/094136.427:WARNING:dns_config_service_win.cc(668)] Failed to read DnsConfig.
[0605/094141.462:WARNING:dns_config_service_win.cc(668)] Failed to read DnsConfig.
[0605/094146.484:WARNING:dns_config_service_win.cc(668)] Failed to read DnsConfig.
[0605/094151.496:WARNING:dns_config_service_win.cc(668)] Failed to read DnsConfig.
[0605/094156.525:WARNING:dns_config_service_win.cc(668)] Failed to read DnsConfig.
[0605/094201.555:WARNING:dns_config_service_win.cc(668)] Failed to read DnsConfig.
[0605/094206.593:WARNING:dns_config_service_win.cc(668)] Failed to read DnsConfig.
[0605/094211.631:WARNING:dns_config_service_win.cc(668)] Failed to read DnsConfig.
[0605/094216.668:WARNING:dns_config_service_win.cc(668)] Failed to read DnsConfig.
[0605/094221.696:WARNING:dns_config_service_win.cc(668)] Failed to read DnsConfig.
[0605/094226.717:WARNING:dns_config_service_win.cc(668)] Failed to read DnsConfig.
[0605/094231.734:WARNING:dns_config_service_win.cc(668)] Failed to read DnsConfig.
[0605/094236.769:WARNING:dns_config_service_win.cc(668)] Failed to read DnsConfig.
[0605/094241.798:WARNING:dns_config_service_win.cc(668)] Failed to read DnsConfig.
[0605/094246.834:WARNING:dns_config_service_win.cc(668)] Failed to read DnsConfig.
[0605/094251.850:WARNING:dns_config_service_win.cc(668)] Failed to read DnsConfig.
[0605/094256.873:WARNING:dns_config_service_win.cc(668)] Failed to read DnsConfig.
[0605/094301.892:WARNING:dns_config_service_win.cc(668)] Failed to read DnsConfig.
[0605/094306.919:WARNING:dns_config_service_win.cc(668)] Failed to read DnsConfig.
[0605/094311.944:WARNING:dns_config_service_win.cc(668)] Failed to read DnsConfig.
[0605/094316.972:WARNING:dns_config_service_win.cc(668)] Failed to read DnsConfig.
[0605/094321.993:WARNING:dns_config_service_win.cc(668)] Failed to read DnsConfig.
[0605/094327.029:WARNING:dns_config_service_win.cc(668)] Failed to read DnsConfig.
[0605/094332.043:WARNING:dns_config_service_win.cc(668)] Failed to read DnsConfig.
[0605/094337.063:WARNING:dns_config_service_win.cc(668)] Failed to read DnsConfig.
[0605/094342.092:WARNING:dns_config_service_win.cc(668)] Failed to read DnsConfig.
[0605/094347.116:WARNING:dns_config_service_win.cc(668)] Failed to read DnsConfig.
[0605/094352.146:WARNING:dns_config_service_win.cc(668)] Failed to read DnsConfig.
[0605/094357.174:WARNING:dns_config_service_win.cc(668)] Failed to read DnsConfig.
[0605/094402.197:WARNING:dns_config_service_win.cc(668)] Failed to read DnsConfig.
[0605/094407.222:WARNING:dns_config_service_win.cc(668)] Failed to read DnsConfig.
[0605/094412.274:WARNING:dns_config_service_win.cc(668)] Failed to read DnsConfig.
[0605/094417.304:WARNING:dns_config_service_win.cc(668)] Failed to read DnsConfig.
[0605/094422.326:WARNING:dns_config_service_win.cc(668)] Failed to read DnsConfig.
[0605/094427.363:WARNING:dns_config_service_win.cc(668)] Failed to read DnsConfig.
[0605/094432.406:WARNING:dns_config_service_win.cc(668)] Failed to read DnsConfig.
[0605/094437.424:WARNING:dns_config_service_win.cc(668)] Failed to read DnsConfig.
[0605/094442.447:WARNING:dns_config_service_win.cc(668)] Failed to read DnsConfig.
[0605/094447.466:WARNING:dns_config_service_win.cc(668)] Failed to read DnsConfig.
[0605/094452.495:WARNING:dns_config_service_win.cc(668)] Failed to read DnsConfig.
[0605/094457.531:WARNING:dns_config_service_win.cc(668)] Failed to read DnsConfig.
[0605/094502.555:WARNING:dns_config_service_win.cc(668)] Failed to read DnsConfig.
[0605/094507.579:WARNING:dns_config_service_win.cc(668)] Failed to read DnsConfig.
[0605/094512.602:WARNING:dns_config_service_win.cc(668)] Failed to read DnsConfig.
[0605/094517.626:WARNING:dns_config_service_win.cc(668)] Failed to read DnsConfig.
[0605/094522.654:WARNING:dns_config_service_win.cc(668)] Failed to read DnsConfig.
[0605/094527.678:WARNING:dns_config_service_win.cc(668)] Failed to read DnsConfig.
[0605/094532.702:WARNING:dns_config_service_win.cc(668)] Failed to read DnsConfig.
[0605/094537.731:WARNING:dns_config_service_win.cc(668)] Failed to read DnsConfig.
[0605/094542.760:WARNING:dns_config_service_win.cc(668)] Failed to read DnsConfig.
[0605/094547.783:WARNING:dns_config_service_win.cc(668)] Failed to read DnsConfig.
[0605/094552.816:WARNING:dns_config_service_win.cc(668)] Failed to read DnsConfig.
[0605/094557.852:WARNING:dns_config_service_win.cc(668)] Failed to read DnsConfig.
[0605/094602.883:WARNING:dns_config_service_win.cc(668)] Failed to read DnsConfig.
[0605/094607.903:WARNING:dns_config_service_win.cc(668)] Failed to read DnsConfig.
[0605/094612.935:WARNING:dns_config_service_win.cc(668)] Failed to read DnsConfig.
[0605/094617.955:WARNING:dns_config_service_win.cc(668)] Failed to read DnsConfig.
[0605/094622.999:WARNING:dns_config_service_win.cc(668)] Failed to read DnsConfig.
[0605/094628.038:WARNING:dns_config_service_win.cc(668)] Failed to read DnsConfig.
[0605/094633.068:WARNING:dns_config_service_win.cc(668)] Failed to read DnsConfig.
[0605/094638.095:WARNING:dns_config_service_win.cc(668)] Failed to read DnsConfig.
[0605/094643.116:WARNING:dns_config_service_win.cc(668)] Failed to read DnsConfig.
[0605/094648.146:WARNING:dns_config_service_win.cc(668)] Failed to read DnsConfig.
[0605/094653.179:WARNING:dns_config_service_win.cc(668)] Failed to read DnsConfig.
[0605/094658.201:WARNING:dns_config_service_win.cc(668)] Failed to read DnsConfig.
[0605/094703.232:WARNING:dns_config_service_win.cc(668)] Failed to read DnsConfig.
[0605/094708.248:WARNING:dns_config_service_win.cc(668)] Failed to read DnsConfig.
[0605/094713.281:WARNING:dns_config_service_win.cc(668)] Failed to read DnsConfig.
[0605/094718.306:WARNING:dns_config_service_win.cc(668)] Failed to read DnsConfig.
[0605/094723.333:WARNING:dns_config_service_win.cc(668)] Failed to read DnsConfig.
[0605/094728.351:WARNING:dns_config_service_win.cc(668)] Failed to read DnsConfig.
[0605/094733.369:WARNING:dns_config_service_win.cc(668)] Failed to read DnsConfig.
[0605/094738.400:WARNING:dns_config_service_win.cc(668)] Failed to read DnsConfig.
[0605/094743.428:WARNING:dns_config_service_win.cc(668)] Failed to read DnsConfig.
[0605/094748.456:WARNING:dns_config_service_win.cc(668)] Failed to read DnsConfig.
[0605/094753.480:WARNING:dns_config_service_win.cc(668)] Failed to read DnsConfig.
[0605/094758.508:WARNING:dns_config_service_win.cc(668)] Failed to read DnsConfig.
[0605/094803.544:WARNING:dns_config_service_win.cc(668)] Failed to read DnsConfig.
[0605/094808.579:WARNING:dns_config_service_win.cc(668)] Failed to read DnsConfig.
[0605/094813.603:WARNING:dns_config_service_win.cc(668)] Failed to read DnsConfig.
[0605/094818.638:WARNING:dns_config_service_win.cc(668)] Failed to read DnsConfig.
[0605/094823.663:WARNING:dns_config_service_win.cc(668)] Failed to read DnsConfig.
[0605/094828.688:WARNING:dns_config_service_win.cc(668)] Failed to read DnsConfig.
[0605/094833.719:WARNING:dns_config_service_win.cc(668)] Failed to read DnsConfig.
[0605/094838.738:WARNING:dns_config_service_win.cc(668)] Failed to read DnsConfig.
[0605/094843.765:WARNING:dns_config_service_win.cc(668)] Failed to read DnsConfig.
[0605/094848.801:WARNING:dns_config_service_win.cc(668)] Failed to read DnsConfig.
[0605/094853.824:WARNING:dns_config_service_win.cc(668)] Failed to read DnsConfig.
[0605/094858.852:WARNING:dns_config_service_win.cc(668)] Failed to read DnsConfig.
[0605/094903.887:WARNING:dns_config_service_win.cc(668)] Failed to read DnsConfig.
[0605/094908.925:WARNING:dns_config_service_win.cc(668)] Failed to read DnsConfig.
[0605/094913.949:WARNING:dns_config_service_win.cc(668)] Failed to read DnsConfig.
[0605/094918.979:WARNING:dns_config_service_win.cc(668)] Failed to read DnsConfig.
[0605/094924.012:WARNING:dns_config_service_win.cc(668)] Failed to read DnsConfig.
[0605/094929.049:WARNING:dns_config_service_win.cc(668)] Failed to read DnsConfig.
[0605/094934.087:WARNING:dns_config_service_win.cc(668)] Failed to read DnsConfig.
[0605/094939.124:WARNING:dns_config_service_win.cc(668)] Failed to read DnsConfig.
[0605/094944.146:WARNING:dns_config_service_win.cc(668)] Failed to read DnsConfig.
[0605/094949.181:WARNING:dns_config_service_win.cc(668)] Failed to read DnsConfig.
[0605/094954.198:WARNING:dns_config_service_win.cc(668)] Failed to read DnsConfig.
[0605/094959.226:WARNING:dns_config_service_win.cc(668)] Failed to read DnsConfig.
[0605/095004.246:WARNING:dns_config_service_win.cc(668)] Failed to read DnsConfig.
[0605/095009.273:WARNING:dns_config_service_win.cc(668)] Failed to read DnsConfig.
[0605/095014.290:WARNING:dns_config_service_win.cc(668)] Failed to read DnsConfig.
[0605/095019.325:WARNING:dns_config_service_win.cc(668)] Failed to read DnsConfig.
[0605/095024.506:WARNING:dns_config_service_win.cc(668)] Failed to read DnsConfig.
[0605/095029.522:WARNING:dns_config_service_win.cc(668)] Failed to read DnsConfig.
[0605/095034.554:WARNING:dns_config_service_win.cc(668)] Failed to read DnsConfig.
[0605/095039.843:WARNING:dns_config_service_win.cc(668)] Failed to read DnsConfig.
[0605/095044.885:WARNING:dns_config_service_win.cc(668)] Failed to read DnsConfig.
[0605/095049.918:WARNING:dns_config_service_win.cc(668)] Failed to read DnsConfig.
[0605/095054.942:WARNING:dns_config_service_win.cc(668)] Failed to read DnsConfig.
[0605/095059.974:WARNING:dns_config_service_win.cc(668)] Failed to read DnsConfig.
[0605/095105.004:WARNING:dns_config_service_win.cc(668)] Failed to read DnsConfig.
[0605/095110.038:WARNING:dns_config_service_win.cc(668)] Failed to read DnsConfig.
[0605/095115.054:WARNING:dns_config_service_win.cc(668)] Failed to read DnsConfig.
[0605/095120.086:WARNING:dns_config_service_win.cc(668)] Failed to read DnsConfig.
[0605/095125.328:WARNING:dns_config_service_win.cc(668)] Failed to read DnsConfig.
[0605/095130.364:WARNING:dns_config_service_win.cc(668)] Failed to read DnsConfig.
[0605/095135.406:WARNING:dns_config_service_win.cc(668)] Failed to read DnsConfig.
[0605/095140.446:WARNING:dns_config_service_win.cc(668)] Failed to read DnsConfig.
[0605/095145.470:WARNING:dns_config_service_win.cc(668)] Failed to read DnsConfig.
[0605/095150.492:WARNING:dns_config_service_win.cc(668)] Failed to read DnsConfig.
[0605/095155.506:WARNING:dns_config_service_win.cc(668)] Failed to read DnsConfig.
[0605/095200.531:WARNING:dns_config_service_win.cc(668)] Failed to read DnsConfig.
[0605/095205.555:WARNING:dns_config_service_win.cc(668)] Failed to read DnsConfig.
[0605/095210.579:WARNING:dns_config_service_win.cc(668)] Failed to read DnsConfig.
[0605/095215.598:WARNING:dns_config_service_win.cc(668)] Failed to read DnsConfig.
[0605/095220.623:WARNING:dns_config_service_win.cc(668)] Failed to read DnsConfig.
[0605/095225.639:WARNING:dns_config_service_win.cc(668)] Failed to read DnsConfig.
[0605/095230.691:WARNING:dns_config_service_win.cc(668)] Failed to read DnsConfig.
[0605/095235.710:WARNING:dns_config_service_win.cc(668)] Failed to read DnsConfig.
[0605/095240.743:WARNING:dns_config_service_win.cc(668)] Failed to read DnsConfig.
[0605/095245.768:WARNING:dns_config_service_win.cc(668)] Failed to read DnsConfig.
[0605/095250.793:WARNING:dns_config_service_win.cc(668)] Failed to read DnsConfig.
[0605/095255.818:WARNING:dns_config_service_win.cc(668)] Failed to read DnsConfig.
[0605/095300.842:WARNING:dns_config_service_win.cc(668)] Failed to read DnsConfig.
[0605/095305.874:WARNING:dns_config_service_win.cc(668)] Failed to read DnsConfig.
[0605/095310.910:WARNING:dns_config_service_win.cc(668)] Failed to read DnsConfig.
[0605/095315.942:WARNING:dns_config_service_win.cc(668)] Failed to read DnsConfig.
[0605/095320.967:WARNING:dns_config_service_win.cc(668)] Failed to read DnsConfig.
[0605/095325.985:WARNING:dns_config_service_win.cc(668)] Failed to read DnsConfig.
[0605/095331.018:WARNING:dns_config_service_win.cc(668)] Failed to read DnsConfig.
[0605/095336.044:WARNING:dns_config_service_win.cc(668)] Failed to read DnsConfig.
[0605/095341.070:WARNING:dns_config_service_win.cc(668)] Failed to read DnsConfig.
[0605/095346.104:WARNING:dns_config_service_win.cc(668)] Failed to read DnsConfig.
[0605/095351.130:WARNING:dns_config_service_win.cc(668)] Failed to read DnsConfig.
[0605/095356.163:WARNING:dns_config_service_win.cc(668)] Failed to read DnsConfig.
[0605/095401.192:WARNING:dns_config_service_win.cc(668)] Failed to read DnsConfig.
[0605/095406.224:WARNING:dns_config_service_win.cc(668)] Failed to read DnsConfig.
[0605/095411.250:WARNING:dns_config_service_win.cc(668)] Failed to read DnsConfig.
[0605/095416.267:WARNING:dns_config_service_win.cc(668)] Failed to read DnsConfig.
[0605/095421.293:WARNING:dns_config_service_win.cc(668)] Failed to read DnsConfig.
[0605/095426.316:WARNING:dns_config_service_win.cc(668)] Failed to read DnsConfig.
[0605/095429.290:INFO:CONSOLE(1)] "Long rAF frame-time", source: file:///C:/Program%20Files/Adobe/Adobe%20Photoshop%202020/Required/www-rich-tooltips/build/external.js (1)
[0605/095431.337:WARNING:dns_config_service_win.cc(668)] Failed to read DnsConfig.
[0605/095436.363:WARNING:dns_config_service_win.cc(668)] Failed to read DnsConfig.
[0605/095441.389:WARNING:dns_config_service_win.cc(668)] Failed to read DnsConfig.
[0605/095446.406:WARNING:dns_config_service_win.cc(668)] Failed to read DnsConfig.
[0605/095451.418:WARNING:dns_config_service_win.cc(668)] Failed to read DnsConfig.
[0605/095456.440:WARNING:dns_config_service_win.cc(668)] Failed to read DnsConfig.
[0605/095501.462:WARNING:dns_config_service_win.cc(668)] Failed to read DnsConfig.
[0605/095506.501:WARNING:dns_config_service_win.cc(668)] Failed to read DnsConfig.
[0605/095511.527:WARNING:dns_config_service_win.cc(668)] Failed to read DnsConfig.
[0605/095516.555:WARNING:dns_config_service_win.cc(668)] Failed to read DnsConfig.
[0605/095521.587:WARNING:dns_config_service_win.cc(668)] Failed to read DnsConfig.
[0605/095526.613:WARNING:dns_config_service_win.cc(668)] Failed to read DnsConfig.
[0605/095531.634:WARNING:dns_config_service_win.cc(668)] Failed to read DnsConfig.
[0605/095536.647:WARNING:dns_config_service_win.cc(668)] Failed to read DnsConfig.
[0605/095541.669:WARNING:dns_config_service_win.cc(668)] Failed to read DnsConfig.
[0605/095546.690:WARNING:dns_config_service_win.cc(668)] Failed to read DnsConfig.
[0605/095551.707:WARNING:dns_config_service_win.cc(668)] Failed to read DnsConfig.
[0605/095556.728:WARNING:dns_config_service_win.cc(668)] Failed to read DnsConfig.
[0605/095601.760:WARNING:dns_config_service_win.cc(668)] Failed to read DnsConfig.
[0605/095606.785:WARNING:dns_config_service_win.cc(668)] Failed to read DnsConfig.
[0605/095611.813:WARNING:dns_config_service_win.cc(668)] Failed to read DnsConfig.
[0605/095616.839:WARNING:dns_config_service_win.cc(668)] Failed to read DnsConfig.
[0605/095621.862:WARNING:dns_config_service_win.cc(668)] Failed to read DnsConfig.
[0605/095626.893:WARNING:dns_config_service_win.cc(668)] Failed to read DnsConfig.
[0605/095631.920:WARNING:dns_config_service_win.cc(668)] Failed to read DnsConfig.
[0605/095636.933:WARNING:dns_config_service_win.cc(668)] Failed to read DnsConfig.
[0605/095641.977:WARNING:dns_config_service_win.cc(668)] Failed to read DnsConfig.
[0605/095646.993:WARNING:dns_config_service_win.cc(668)] Failed to read DnsConfig.
[0605/095652.021:WARNING:dns_config_service_win.cc(668)] Failed to read DnsConfig.
[0605/095657.031:WARNING:dns_config_service_win.cc(668)] Failed to read DnsConfig.
[0605/095702.077:WARNING:dns_config_service_win.cc(668)] Failed to read DnsConfig.
[0605/095707.089:WARNING:dns_config_service_win.cc(668)] Failed to read DnsConfig.
[0605/095712.108:WARNING:dns_config_service_win.cc(668)] Failed to read DnsConfig.
[0605/095717.150:WARNING:dns_config_service_win.cc(668)] Failed to read DnsConfig.
[0605/095722.195:WARNING:dns_config_service_win.cc(668)] Failed to read DnsConfig.
[0605/095727.243:WARNING:dns_config_service_win.cc(668)] Failed to read DnsConfig.
[0605/095732.283:WARNING:dns_config_service_win.cc(668)] Failed to read DnsConfig.
[0605/095737.312:WARNING:dns_config_service_win.cc(668)] Failed to read DnsConfig.
[0605/095742.345:WARNING:dns_config_service_win.cc(668)] Failed to read DnsConfig.
[0605/095747.356:WARNING:dns_config_service_win.cc(668)] Failed to read DnsConfig.
[0605/095752.388:WARNING:dns_config_service_win.cc(668)] Failed to read DnsConfig.
[0605/095757.421:WARNING:dns_config_service_win.cc(668)] Failed to read DnsConfig.
[0605/095802.453:WARNING:dns_config_service_win.cc(668)] Failed to read DnsConfig.
[0605/095807.468:WARNING:dns_config_service_win.cc(668)] Failed to read DnsConfig.
[0605/095812.514:WARNING:dns_config_service_win.cc(668)] Failed to read DnsConfig.
[0605/095817.542:WARNING:dns_config_service_win.cc(668)] Failed to read DnsConfig.
[0605/095822.579:WARNING:dns_config_service_win.cc(668)] Failed to read DnsConfig.
[0605/095827.610:WARNING:dns_config_service_win.cc(668)] Failed to read DnsConfig.
[0605/095832.639:WARNING:dns_config_service_win.cc(668)] Failed to read DnsConfig.
[0605/095837.669:WARNING:dns_config_service_win.cc(668)] Failed to read DnsConfig.
[0605/095842.698:WARNING:dns_config_service_win.cc(668)] Failed to read DnsConfig.
[0605/095847.729:WARNING:dns_config_service_win.cc(668)] Failed to read DnsConfig.
[0605/095852.762:WARNING:dns_config_service_win.cc(668)] Failed to read DnsConfig.
[0605/095857.792:WARNING:dns_config_service_win.cc(668)] Failed to read DnsConfig.
[0605/095902.824:WARNING:dns_config_service_win.cc(668)] Failed to read DnsConfig.
[0605/095907.855:WARNING:dns_config_service_win.cc(668)] Failed to read DnsConfig.
[0605/095912.905:WARNING:dns_config_service_win.cc(668)] Failed to read DnsConfig.
[0605/095917.939:WARNING:dns_config_service_win.cc(668)] Failed to read DnsConfig.
[0605/095922.980:WARNING:dns_config_service_win.cc(668)] Failed to read DnsConfig.
[0605/095927.997:WARNING:dns_config_service_win.cc(668)] Failed to read DnsConfig.
[0605/095933.032:WARNING:dns_config_service_win.cc(668)] Failed to read DnsConfig.
[0605/095938.077:WARNING:dns_config_service_win.cc(668)] Failed to read DnsConfig.
[0605/095943.102:WARNING:dns_config_service_win.cc(668)] Failed to read DnsConfig.
[0605/095948.135:WARNING:dns_config_service_win.cc(668)] Failed to read DnsConfig.
[0605/095953.175:WARNING:dns_config_service_win.cc(668)] Failed to read DnsConfig.
[0605/095958.191:WARNING:dns_config_service_win.cc(668)] Failed to read DnsConfig.
[0605/100003.211:WARNING:dns_config_service_win.cc(668)] Failed to read DnsConfig.
[0605/100008.230:WARNING:dns_config_service_win.cc(668)] Failed to read DnsConfig.
[0605/100013.266:WARNING:dns_config_service_win.cc(668)] Failed to read DnsConfig.
[0605/100018.285:WARNING:dns_config_service_win.cc(668)] Failed to read DnsConfig.
[0605/100023.347:WARNING:dns_config_service_win.cc(668)] Failed to read DnsConfig.
[0605/100028.372:WARNING:dns_config_service_win.cc(668)] Failed to read DnsConfig.
[0605/100033.388:WARNING:dns_config_service_win.cc(668)] Failed to read DnsConfig.
[0605/100038.429:WARNING:dns_config_service_win.cc(668)] Failed to read DnsConfig.
[0605/100043.472:WARNING:dns_config_service_win.cc(668)] Failed to read DnsConfig.
[0605/100048.494:WARNING:dns_config_service_win.cc(668)] Failed to read DnsConfig.
[0605/100053.524:WARNING:dns_config_service_win.cc(668)] Failed to read DnsConfig.
[0605/100058.555:WARNING:dns_config_service_win.cc(668)] Failed to read DnsConfig.
[0605/100103.599:WARNING:dns_config_service_win.cc(668)] Failed to read DnsConfig.
[0605/100108.638:WARNING:dns_config_service_win.cc(668)] Failed to read DnsConfig.
[0605/100113.676:WARNING:dns_config_service_win.cc(668)] Failed to read DnsConfig.
[0605/100118.708:WARNING:dns_config_service_win.cc(668)] Failed to read DnsConfig.
[0605/100123.745:WARNING:dns_config_service_win.cc(668)] Failed to read DnsConfig.
[0605/100128.777:WARNING:dns_config_service_win.cc(668)] Failed to read DnsConfig.
[0605/100133.811:WARNING:dns_config_service_win.cc(668)] Failed to read DnsConfig.
[0605/100138.841:WARNING:dns_config_service_win.cc(668)] Failed to read DnsConfig.
[0605/100143.884:WARNING:dns_config_service_win.cc(668)] Failed to read DnsConfig.
[0605/100148.916:WARNING:dns_config_service_win.cc(668)] Failed to read DnsConfig.
[0605/100153.955:WARNING:dns_config_service_win.cc(668)] Failed to read DnsConfig.
[0605/100158.980:WARNING:dns_config_service_win.cc(668)] Failed to read DnsConfig.
[0605/100204.014:WARNING:dns_config_service_win.cc(668)] Failed to read DnsConfig.
[0605/100209.040:WARNING:dns_config_service_win.cc(668)] Failed to read DnsConfig.
[0605/100214.077:WARNING:dns_config_service_win.cc(668)] Failed to read DnsConfig.
[0605/100219.113:WARNING:dns_config_service_win.cc(668)] Failed to read DnsConfig.
[0605/100224.148:WARNING:dns_config_service_win.cc(668)] Failed to read DnsConfig.
[0605/100229.172:WARNING:dns_config_service_win.cc(668)] Failed to read DnsConfig.
[0605/100234.199:WARNING:dns_config_service_win.cc(668)] Failed to read DnsConfig.
[0605/100239.233:WARNING:dns_config_service_win.cc(668)] Failed to read DnsConfig.
[0605/100244.270:WARNING:dns_config_service_win.cc(668)] Failed to read DnsConfig.
[0605/100249.306:WARNING:dns_config_service_win.cc(668)] Failed to read DnsConfig.
[0605/100254.335:WARNING:dns_config_service_win.cc(668)] Failed to read DnsConfig.
[0605/100259.373:WARNING:dns_config_service_win.cc(668)] Failed to read DnsConfig.
[0605/100304.412:WARNING:dns_config_service_win.cc(668)] Failed to read DnsConfig.
[0605/100309.444:WARNING:dns_config_service_win.cc(668)] Failed to read DnsConfig.
[0605/100314.490:WARNING:dns_config_service_win.cc(668)] Failed to read DnsConfig.
[0605/100319.517:WARNING:dns_config_service_win.cc(668)] Failed to read DnsConfig.
[0605/100324.537:WARNING:dns_config_service_win.cc(668)] Failed to read DnsConfig.
[0605/100329.580:WARNING:dns_config_service_win.cc(668)] Failed to read DnsConfig.
[0605/100334.602:WARNING:dns_config_service_win.cc(668)] Failed to read DnsConfig.
[0605/100339.630:WARNING:dns_config_service_win.cc(668)] Failed to read DnsConfig.
[0605/100344.653:WARNING:dns_config_service_win.cc(668)] Failed to read DnsConfig.
[0605/100349.684:WARNING:dns_config_service_win.cc(668)] Failed to read DnsConfig.
[0605/100354.725:WARNING:dns_config_service_win.cc(668)] Failed to read DnsConfig.
[0605/100359.741:WARNING:dns_config_service_win.cc(668)] Failed to read DnsConfig.
[0605/100404.765:WARNING:dns_config_service_win.cc(668)] Failed to read DnsConfig.
[0605/100409.784:WARNING:dns_config_service_win.cc(668)] Failed to read DnsConfig.
[0605/100414.803:WARNING:dns_config_service_win.cc(668)] Failed to read DnsConfig.
[0605/100419.819:WARNING:dns_config_service_win.cc(668)] Failed to read DnsConfig.
[0605/100424.867:WARNING:dns_config_service_win.cc(668)] Failed to read DnsConfig.
[0605/100429.894:WARNING:dns_config_service_win.cc(668)] Failed to read DnsConfig.
[0605/100434.929:WARNING:dns_config_service_win.cc(668)] Failed to read DnsConfig.
[0605/100439.962:WARNING:dns_config_service_win.cc(668)] Failed to read DnsConfig.
[0605/100444.994:WARNING:dns_config_service_win.cc(668)] Failed to read DnsConfig.
[0605/100450.021:WARNING:dns_config_service_win.cc(668)] Failed to read DnsConfig.
[0605/100455.063:WARNING:dns_config_service_win.cc(668)] Failed to read DnsConfig.
[0605/100500.082:WARNING:dns_config_service_win.cc(668)] Failed to read DnsConfig.
[0605/100505.108:WARNING:dns_config_service_win.cc(668)] Failed to read DnsConfig.
[0605/100510.210:WARNING:dns_config_service_win.cc(668)] Failed to read DnsConfig.
[0605/100515.242:WARNING:dns_config_service_win.cc(668)] Failed to read DnsConfig.
[0605/100520.265:WARNING:dns_config_service_win.cc(668)] Failed to read DnsConfig.
[0605/100525.283:WARNING:dns_config_service_win.cc(668)] Failed to read DnsConfig.
[0605/100530.306:WARNING:dns_config_service_win.cc(668)] Failed to read DnsConfig.
[0605/100535.414:WARNING:dns_config_service_win.cc(668)] Failed to read DnsConfig.
[0605/100540.438:WARNING:dns_config_service_win.cc(668)] Failed to read DnsConfig.
[0605/100545.458:WARNING:dns_config_service_win.cc(668)] Failed to read DnsConfig.
[0605/100550.486:WARNING:dns_config_service_win.cc(668)] Failed to read DnsConfig.
[0605/100555.504:WARNING:dns_config_service_win.cc(668)] Failed to read DnsConfig.
[0605/100600.540:WARNING:dns_config_service_win.cc(668)] Failed to read DnsConfig.
[0605/100605.557:WARNING:dns_config_service_win.cc(668)] Failed to read DnsConfig.
[0605/100610.591:WARNING:dns_config_service_win.cc(668)] Failed to read DnsConfig.
[0605/100615.632:WARNING:dns_config_service_win.cc(668)] Failed to read DnsConfig.
[0605/100620.650:WARNING:dns_config_service_win.cc(668)] Failed to read DnsConfig.
[0605/100625.694:WARNING:dns_config_service_win.cc(668)] Failed to read DnsConfig.
[0605/100630.729:WARNING:dns_config_service_win.cc(668)] Failed to read DnsConfig.
[0605/100635.762:WARNING:dns_config_service_win.cc(668)] Failed to read DnsConfig.
[0605/100640.806:WARNING:dns_config_service_win.cc(668)] Failed to read DnsConfig.
[0605/100645.883:WARNING:dns_config_service_win.cc(668)] Failed to read DnsConfig.
[0605/100650.917:WARNING:dns_config_service_win.cc(668)] Failed to read DnsConfig.
[0605/100656.037:WARNING:dns_config_service_win.cc(668)] Failed to read DnsConfig.
[0605/101240.557:WARNING:dns_config_service_win.cc(668)] Failed to read DnsConfig.
[0605/101245.577:WARNING:dns_config_service_win.cc(668)] Failed to read DnsConfig.
[0605/101250.603:WARNING:dns_config_service_win.cc(668)] Failed to read DnsConfig.
[0605/101255.696:WARNING:dns_config_service_win.cc(668)] Failed to read DnsConfig.
[0605/101300.720:WARNING:dns_config_service_win.cc(668)] Failed to read DnsConfig.
[0605/101305.762:WARNING:dns_config_service_win.cc(668)] Failed to read DnsConfig.
[0605/101310.782:WARNING:dns_config_service_win.cc(668)] Failed to read DnsConfig.
[0605/101315.822:WARNING:dns_config_service_win.cc(668)] Failed to read DnsConfig.
[0605/101320.838:WARNING:dns_config_service_win.cc(668)] Failed to read DnsConfig.
[0605/101325.872:WARNING:dns_config_service_win.cc(668)] Failed to read DnsConfig.
[0605/101330.898:WARNING:dns_config_service_win.cc(668)] Failed to read DnsConfig.
[0605/101335.939:WARNING:dns_config_service_win.cc(668)] Failed to read DnsConfig.
[0605/101340.973:WARNING:dns_config_service_win.cc(668)] Failed to read DnsConfig.
[0605/101346.006:WARNING:dns_config_service_win.cc(668)] Failed to read DnsConfig.
[0605/101351.031:WARNING:dns_config_service_win.cc(668)] Failed to read DnsConfig.
[0605/101356.073:WARNING:dns_config_service_win.cc(668)] Failed to read DnsConfig.
[0605/101401.114:WARNING:dns_config_service_win.cc(668)] Failed to read DnsConfig.
[0605/101406.139:WARNING:dns_config_service_win.cc(668)] Failed to read DnsConfig.
[0605/101411.189:WARNING:dns_config_service_win.cc(668)] Failed to read DnsConfig.
[0605/101416.221:WARNING:dns_config_service_win.cc(668)] Failed to read DnsConfig.
[0605/101421.253:WARNING:dns_config_service_win.cc(668)] Failed to read DnsConfig.
[0605/101426.295:WARNING:dns_config_service_win.cc(668)] Failed to read DnsConfig.
[0605/101431.314:WARNING:dns_config_service_win.cc(668)] Failed to read DnsConfig.
[0605/101436.346:WARNING:dns_config_service_win.cc(668)] Failed to read DnsConfig.
[0605/101441.363:WARNING:dns_config_service_win.cc(668)] Failed to read DnsConfig.
[0605/101446.397:WARNING:dns_config_service_win.cc(668)] Failed to read DnsConfig.
[0605/101451.454:WARNING:dns_config_service_win.cc(668)] Failed to read DnsConfig.
[0605/101456.472:WARNING:dns_config_service_win.cc(668)] Failed to read DnsConfig.
[0605/101501.512:WARNING:dns_config_service_win.cc(668)] Failed to read DnsConfig.
[0605/101506.544:WARNING:dns_config_service_win.cc(668)] Failed to read DnsConfig.
[0605/101511.585:WARNING:dns_config_service_win.cc(668)] Failed to read DnsConfig.
[0605/101516.594:WARNING:dns_config_service_win.cc(668)] Failed to read DnsConfig.
[0605/101521.634:WARNING:dns_config_service_win.cc(668)] Failed to read DnsConfig.
[0605/101526.693:WARNING:dns_config_service_win.cc(668)] Failed to read DnsConfig.
[0605/101531.735:WARNING:dns_config_service_win.cc(668)] Failed to read DnsConfig.
[0605/101536.779:WARNING:dns_config_service_win.cc(668)] Failed to read DnsConfig.
[0605/101541.803:WARNING:dns_config_service_win.cc(668)] Failed to read DnsConfig.
[0605/101546.828:WARNING:dns_config_service_win.cc(668)] Failed to read DnsConfig.
[0605/101551.870:WARNING:dns_config_service_win.cc(668)] Failed to read DnsConfig.
[0605/101556.912:WARNING:dns_config_service_win.cc(668)] Failed to read DnsConfig.
[0605/101601.954:WARNING:dns_config_service_win.cc(668)] Failed to read DnsConfig.
[0605/101606.982:WARNING:dns_config_service_win.cc(668)] Failed to read DnsConfig.
[0605/101612.023:WARNING:dns_config_service_win.cc(668)] Failed to read DnsConfig.
[0605/101617.058:WARNING:dns_config_service_win.cc(668)] Failed to read DnsConfig.
[0605/101622.075:WARNING:dns_config_service_win.cc(668)] Failed to read DnsConfig.
[0605/101627.117:WARNING:dns_config_service_win.cc(668)] Failed to read DnsConfig.
[0605/101632.150:WARNING:dns_config_service_win.cc(668)] Failed to read DnsConfig.
[0605/101637.176:WARNING:dns_config_service_win.cc(668)] Failed to read DnsConfig.
[0605/101642.210:WARNING:dns_config_service_win.cc(668)] Failed to read DnsConfig.
[0605/101647.238:WARNING:dns_config_service_win.cc(668)] Failed to read DnsConfig.
[0605/101652.264:WARNING:dns_config_service_win.cc(668)] Failed to read DnsConfig.
[0605/101657.298:WARNING:dns_config_service_win.cc(668)] Failed to read DnsConfig.
[0605/101702.325:WARNING:dns_config_service_win.cc(668)] Failed to read DnsConfig.
[0605/101707.358:WARNING:dns_config_service_win.cc(668)] Failed to read DnsConfig.
[0605/101712.392:WARNING:dns_config_service_win.cc(668)] Failed to read DnsConfig.
[0605/101717.437:WARNING:dns_config_service_win.cc(668)] Failed to read DnsConfig.
[0605/101722.463:WARNING:dns_config_service_win.cc(668)] Failed to read DnsConfig.
[0605/101727.520:WARNING:dns_config_service_win.cc(668)] Failed to read DnsConfig.
[0605/101732.564:WARNING:dns_config_service_win.cc(668)] Failed to read DnsConfig.
[0605/101737.622:WARNING:dns_config_service_win.cc(668)] Failed to read DnsConfig.
[0605/101742.655:WARNING:dns_config_service_win.cc(668)] Failed to read DnsConfig.
[0605/101747.682:WARNING:dns_config_service_win.cc(668)] Failed to read DnsConfig.
[0605/101752.710:WARNING:dns_config_service_win.cc(668)] Failed to read DnsConfig.
[0605/101757.752:WARNING:dns_config_service_win.cc(668)] Failed to read DnsConfig.
[0605/101802.785:WARNING:dns_config_service_win.cc(668)] Failed to read DnsConfig.
[0605/101807.819:WARNING:dns_config_service_win.cc(668)] Failed to read DnsConfig.
[0605/101812.836:WARNING:dns_config_service_win.cc(668)] Failed to read DnsConfig.
[0605/101817.877:WARNING:dns_config_service_win.cc(668)] Failed to read DnsConfig.
[0605/101822.918:WARNING:dns_config_service_win.cc(668)] Failed to read DnsConfig.
[0605/101827.959:WARNING:dns_config_service_win.cc(668)] Failed to read DnsConfig.
[0605/101832.986:WARNING:dns_config_service_win.cc(668)] Failed to read DnsConfig.
[0605/101838.012:WARNING:dns_config_service_win.cc(668)] Failed to read DnsConfig.
[0605/101843.046:WARNING:dns_config_service_win.cc(668)] Failed to read DnsConfig.
[0605/101848.078:WARNING:dns_config_service_win.cc(668)] Failed to read DnsConfig.
[0605/101853.163:WARNING:dns_config_service_win.cc(668)] Failed to read DnsConfig.
[0605/101858.203:WARNING:dns_config_service_win.cc(668)] Failed to read DnsConfig.
[0605/101903.229:WARNING:dns_config_service_win.cc(668)] Failed to read DnsConfig.
[0605/101908.245:WARNING:dns_config_service_win.cc(668)] Failed to read DnsConfig.
[0605/101913.273:WARNING:dns_config_service_win.cc(668)] Failed to read DnsConfig.
[0605/101918.303:WARNING:dns_config_service_win.cc(668)] Failed to read DnsConfig.
[0605/101923.319:WARNING:dns_config_service_win.cc(668)] Failed to read DnsConfig.
[0605/101928.368:WARNING:dns_config_service_win.cc(668)] Failed to read DnsConfig.
[0605/101933.409:WARNING:dns_config_service_win.cc(668)] Failed to read DnsConfig.
[0605/101938.425:WARNING:dns_config_service_win.cc(668)] Failed to read DnsConfig.
[0605/102305.296:WARNING:dns_config_service_win.cc(668)] Failed to read DnsConfig.
[0605/102310.317:WARNING:dns_config_service_win.cc(668)] Failed to read DnsConfig.
[0605/102315.340:WARNING:dns_config_service_win.cc(668)] Failed to read DnsConfig.
[0605/102320.371:WARNING:dns_config_service_win.cc(668)] Failed to read DnsConfig.
[0605/102325.391:WARNING:dns_config_service_win.cc(668)] Failed to read DnsConfig.
[0605/102330.403:WARNING:dns_config_service_win.cc(668)] Failed to read DnsConfig.
[0605/102335.443:WARNING:dns_config_service_win.cc(668)] Failed to read DnsConfig.
[0605/102340.454:WARNING:dns_config_service_win.cc(668)] Failed to read DnsConfig.
[0605/102345.470:WARNING:dns_config_service_win.cc(668)] Failed to read DnsConfig.
[0605/102350.484:WARNING:dns_config_service_win.cc(668)] Failed to read DnsConfig.
[0605/102355.503:WARNING:dns_config_service_win.cc(668)] Failed to read DnsConfig.
[0605/102400.513:WARNING:dns_config_service_win.cc(668)] Failed to read DnsConfig.
[0605/102405.543:WARNING:dns_config_service_win.cc(668)] Failed to read DnsConfig.
[0605/102410.559:WARNING:dns_config_service_win.cc(668)] Failed to read DnsConfig.
[0605/102415.572:WARNING:dns_config_service_win.cc(668)] Failed to read DnsConfig.
[0605/102420.601:WARNING:dns_config_service_win.cc(668)] Failed to read DnsConfig.
[0605/102425.613:WARNING:dns_config_service_win.cc(668)] Failed to read DnsConfig.
[0605/102430.626:WARNING:dns_config_service_win.cc(668)] Failed to read DnsConfig.
[0605/102435.638:WARNING:dns_config_service_win.cc(668)] Failed to read DnsConfig.
[0605/102440.663:WARNING:dns_config_service_win.cc(668)] Failed to read DnsConfig.
[0605/102445.683:WARNING:dns_config_service_win.cc(668)] Failed to read DnsConfig.
[0605/102450.696:WARNING:dns_config_service_win.cc(668)] Failed to read DnsConfig.
[0605/102455.708:WARNING:dns_config_service_win.cc(668)] Failed to read DnsConfig.
[0605/102500.733:WARNING:dns_config_service_win.cc(668)] Failed to read DnsConfig.
[0605/102505.756:WARNING:dns_config_service_win.cc(668)] Failed to read DnsConfig.
[0605/102510.782:WARNING:dns_config_service_win.cc(668)] Failed to read DnsConfig.
[0605/102515.807:WARNING:dns_config_service_win.cc(668)] Failed to read DnsConfig.
[0605/102520.850:WARNING:dns_config_service_win.cc(668)] Failed to read DnsConfig.
[0605/102525.878:WARNING:dns_config_service_win.cc(668)] Failed to read DnsConfig.
[0605/102530.897:WARNING:dns_config_service_win.cc(668)] Failed to read DnsConfig.
[0605/102535.926:WARNING:dns_config_service_win.cc(668)] Failed to read DnsConfig.
[0605/102540.950:WARNING:dns_config_service_win.cc(668)] Failed to read DnsConfig.
[0605/102545.968:WARNING:dns_config_service_win.cc(668)] Failed to read DnsConfig.
[0605/102550.985:WARNING:dns_config_service_win.cc(668)] Failed to read DnsConfig.
[0605/102556.009:WARNING:dns_config_service_win.cc(668)] Failed to read DnsConfig.
[0605/102601.024:WARNING:dns_config_service_win.cc(668)] Failed to read DnsConfig.
[0605/102606.045:WARNING:dns_config_service_win.cc(668)] Failed to read DnsConfig.
[0605/102611.067:WARNING:dns_config_service_win.cc(668)] Failed to read DnsConfig.
[0605/102616.083:WARNING:dns_config_service_win.cc(668)] Failed to read DnsConfig.
[0605/102621.105:WARNING:dns_config_service_win.cc(668)] Failed to read DnsConfig.
[0605/102626.119:WARNING:dns_config_service_win.cc(668)] Failed to read DnsConfig.
[0605/102631.135:WARNING:dns_config_service_win.cc(668)] Failed to read DnsConfig.
[0605/102636.148:WARNING:dns_config_service_win.cc(668)] Failed to read DnsConfig.
[0605/102641.165:WARNING:dns_config_service_win.cc(668)] Failed to read DnsConfig.
[0605/102646.187:WARNING:dns_config_service_win.cc(668)] Failed to read DnsConfig.
[0605/102651.241:WARNING:dns_config_service_win.cc(668)] Failed to read DnsConfig.
[0605/102656.264:WARNING:dns_config_service_win.cc(668)] Failed to read DnsConfig.
[0605/102701.290:WARNING:dns_config_service_win.cc(668)] Failed to read DnsConfig.
[0605/102706.311:WARNING:dns_config_service_win.cc(668)] Failed to read DnsConfig.
[0605/102711.325:WARNING:dns_config_service_win.cc(668)] Failed to read DnsConfig.
[0605/102716.343:WARNING:dns_config_service_win.cc(668)] Failed to read DnsConfig.
[0605/102721.357:WARNING:dns_config_service_win.cc(668)] Failed to read DnsConfig.
[0605/102726.378:WARNING:dns_config_service_win.cc(668)] Failed to read DnsConfig.
[0605/102731.402:WARNING:dns_config_service_win.cc(668)] Failed to read DnsConfig.
[0605/102736.419:WARNING:dns_config_service_win.cc(668)] Failed to read DnsConfig.
[0605/102741.443:WARNING:dns_config_service_win.cc(668)] Failed to read DnsConfig.
[0605/102746.459:WARNING:dns_config_service_win.cc(668)] Failed to read DnsConfig.
[0605/102751.471:WARNING:dns_config_service_win.cc(668)] Failed to read DnsConfig.
[0605/102756.528:WARNING:dns_config_service_win.cc(668)] Failed to read DnsConfig.
[0605/102801.539:WARNING:dns_config_service_win.cc(668)] Failed to read DnsConfig.
[0605/102806.555:WARNING:dns_config_service_win.cc(668)] Failed to read DnsConfig.
[0605/102811.577:WARNING:dns_config_service_win.cc(668)] Failed to read DnsConfig.
[0605/102816.592:WARNING:dns_config_service_win.cc(668)] Failed to read DnsConfig.
[0605/102821.616:WARNING:dns_config_service_win.cc(668)] Failed to read DnsConfig.
[0605/102826.640:WARNING:dns_config_service_win.cc(668)] Failed to read DnsConfig.
[0605/102831.659:WARNING:dns_config_service_win.cc(668)] Failed to read DnsConfig.
[0605/102836.674:WARNING:dns_config_service_win.cc(668)] Failed to read DnsConfig.
[0605/102841.695:WARNING:dns_config_service_win.cc(668)] Failed to read DnsConfig.
[0605/102846.719:WARNING:dns_config_service_win.cc(668)] Failed to read DnsConfig.
[0605/102851.739:WARNING:dns_config_service_win.cc(668)] Failed to read DnsConfig.
[0605/102856.756:WARNING:dns_config_service_win.cc(668)] Failed to read DnsConfig.
[0605/102901.785:WARNING:dns_config_service_win.cc(668)] Failed to read DnsConfig.
[0605/102906.801:WARNING:dns_config_service_win.cc(668)] Failed to read DnsConfig.
[0605/102911.847:WARNING:dns_config_service_win.cc(668)] Failed to read DnsConfig.
[0605/102916.866:WARNING:dns_config_service_win.cc(668)] Failed to read DnsConfig.
[0605/102921.885:WARNING:dns_config_service_win.cc(668)] Failed to read DnsConfig.
[0605/102926.896:WARNING:dns_config_service_win.cc(668)] Failed to read DnsConfig.
[0605/102931.922:WARNING:dns_config_service_win.cc(668)] Failed to read DnsConfig.
[0605/102936.941:WARNING:dns_config_service_win.cc(668)] Failed to read DnsConfig.
[0605/102941.963:WARNING:dns_config_service_win.cc(668)] Failed to read DnsConfig.
[0605/102946.977:WARNING:dns_config_service_win.cc(668)] Failed to read DnsConfig.
[0605/102951.990:WARNING:dns_config_service_win.cc(668)] Failed to read DnsConfig.
[0605/102957.005:WARNING:dns_config_service_win.cc(668)] Failed to read DnsConfig.
[0605/103002.020:WARNING:dns_config_service_win.cc(668)] Failed to read DnsConfig.
[0605/103007.062:WARNING:dns_config_service_win.cc(668)] Failed to read DnsConfig.
[0605/103012.097:WARNING:dns_config_service_win.cc(668)] Failed to read DnsConfig.
[0605/103017.142:WARNING:dns_config_service_win.cc(668)] Failed to read DnsConfig.
